<*_13:11:41_Init TS : OK
Running as EXE
Command-line arguments:
RTATS
_*>
<*_13:11:41_Load TS Config : OK_*>
<*_13:11:41_Apply TS Config : OK_*>
<*_13:11:41_Apply TS Config [2] : OK_*>
<*_13:11:42_Load Tests : OK_*>
<*_13:11:42_Filter Tests : OK_*>
<*_13:12:42_Test Selector : OK_*>
<*_13:12:42_Validate Tests : OK

_*>
<*_13:13:18_Mongodb warning: 
Run MongoTestSuiteStart.vi error -8007: lvMongoDriver.lvlib:tMongoConnection.lvclass:_attemptConnection.vi<ERR>
Attempted to contact master but was unsuccessful.  Check your hostnames, or retry again later.

Error for host (rtdata2):
Error 54 occurred at TCP Open Connection in lvMongoDriver.lvlib:tMongoConnection.lvclass:_tryNode.vi:1160001->lvMongoDriver.lvlib:tMongoConnection.lvclass:_attemptConnection.vi->lvMongoDriver.lvlib:tMongoConnection.lvclass:RefreshConnection.vi->lvMongoDriver.lvlib:tMongoConnection.lvclass:_checkConnection.vi->lvMongoDriver.lvlib:tMongoConnection.lvclass:InsertMultiple.vi->lvMongoDriver.lvlib:tMongoConnection.lvclass:Insert.vi->MongoTestSuiteStart.vi->MongoTestSuiteStart.vi.ProxyCaller

Possible reason(s):

LabVIEW: (Hex 0x36) The network address is ill-formed. Make sure the address is in a valid format. For TCP/IP, the address can be either a machine name or an IP address in the form xxx.xxx.xxx.xxx. If this error occurs when specifying a machine name, make sure the machine name is valid. Try to ping the machine name. Check that you have a DNS server properly configured. If you are using the TCP Open Connection function, ensure that the value of the remote port or service name is not 0.


<b>Complete call chain:</b>
     lvMongoDriver.lvlib:tMongoConnection.lvclass:_attemptConnection.vi
     lvMongoDriver.lvlib:tMongoConnection.lvclass:RefreshConnection.vi
     lvMongoDriver.lvlib:tMongoConnection.lvclass:_checkConnection.vi
     lvMongoDriver.lvlib:tMongoConnection.lvclass:InsertMultiple.vi
     lvMongoDriver.lvlib:tMongoConnection.lvclass:Insert.vi
     MongoTestSuiteStart.vi
     MongoTestSuiteStart.vi.ProxyCaller_*>
<*_13:13:18_Test Loop Init : OK
Installed Distributions: 

NI LabVIEW Run-Time Engine 2011 SP1 - Version: 11.1.0.0
Path: \\in-ban-argo.natinst.com\NISoftwareReleased\Windows\Distributions\LabVIEW Add-ons\Run-Time Engine\2011\11.1.0\32-bit\standard\

NI LabVIEW Run-Time Engine 2013 - Version: 13.0.0.0
Path: \\in-ban-argo.natinst.com\NISoftwareReleased\Windows\Distributions\LabVIEW Add-ons\Run-Time Engine\2013\13.0.0\32-bit\standard\

NI LabVIEW Run-Time Engine 8.5 - Version: 8.5.0.0
Path: \\nibataserver\LV RT Utilities\RTE\8.5\

NI LabVIEW 8.2.1 Runtime Engine - Version: 8.2.1.0
Path: \\in-ban-argo.natinst.com\NISoftwareReleased\Windows\Distributions\LabVIEW Add-ons\Run-Time Engine\8.2\8.2.1\English\Daily\20070327_1819\

NI LabVIEW Run-Time Engine 2009 - Version: 9.0.0.0
Path: \\nibataserver\LV RT Utilities\RTE\9.0\
_*>
<*_13:13:18_Test Loop Begin : OK
Current Test: NetworkStream\Test_NetworkStream_Sweep_BufferSize.vi:_*>
<*_13:13:18_Load Test Config : OK_*>
<*_13:13:18_Config Cycle Begin : OK_*>
<*_13:13:18_Find Targets : OK_*>
<*_13:13:18_Case Cycle Init : OK_*>
<*_13:13:18_Case Cycle Begin : OK_*>
<*_13:13:18_Test Iteration Begin : OK_*>
<*_13:13:18_Configure Target SW : OK

_*>
<*_13:13:19_Configure Target : OK_*>
<*_13:13:19_Read Volatile Target Info : OK_*>
<*_13:13:19_Load Dependencies : OK_*>
<*_13:13:44_Run Dependencies : OK_*>
<*_13:14:20_Run Test : OK
NetworkStream\Test_NetworkStream_Sweep_BufferSize.vi: Passed
Connector Pane Used: STR-Performance_Error_Param
_*>
<*_13:14:20_Run Post VI : OK_*>
<*_13:14:20_Unload Depend. : OK_*>
<*_13:14:21_Detailed Report : OK_*>
<*_13:14:21_Summary : OK_*>
<*_13:14:24_Mongodb warning: 
Run MongoTestResult.vi/MongoMetrics.vi error -8007: lvMongoDriver.lvlib:tMongoConnection.lvclass:_attemptConnection.vi<ERR>
Attempted to contact master but was unsuccessful.  Check your hostnames, or retry again later.

Error for host (rtdata2):
Error 54 occurred at TCP Open Connection in lvMongoDriver.lvlib:tMongoConnection.lvclass:_tryNode.vi:1160001->lvMongoDriver.lvlib:tMongoConnection.lvclass:_attemptConnection.vi->lvMongoDriver.lvlib:tMongoConnection.lvclass:Open.vi->MongoTestResultInsert.vi->MongoTestResultInsert.vi.ProxyCaller

Possible reason(s):

LabVIEW: (Hex 0x36) The network address is ill-formed. Make sure the address is in a valid format. For TCP/IP, the address can be either a machine name or an IP address in the form xxx.xxx.xxx.xxx. If this error occurs when specifying a machine name, make sure the machine name is valid. Try to ping the machine name. Check that you have a DNS server properly configured. If you are using the TCP Open Connection function, ensure that the value of the remote port or service name is not 0.


<b>Complete call chain:</b>
     lvMongoDriver.lvlib:tMongoConnection.lvclass:_attemptConnection.vi
     lvMongoDriver.lvlib:tMongoConnection.lvclass:Open.vi
     MongoTestResultInsert.vi
     MongoTestResultInsert.vi.ProxyCaller_*>
<*_13:14:24_Test Iteration End : OK_*>
<*_13:14:24_Test Iteration Reports : OK_*>
<*_13:14:24_Case Cycle End : OK_*>
<*_13:14:24_Config Cycle Begin : OK_*>
<*_13:14:24_Find Targets : OK_*>
<*_13:14:24_Case Cycle Init : OK_*>
<*_13:14:24_Case Cycle Begin : OK_*>
<*_13:14:24_Test Iteration Begin : OK_*>
<*_13:14:24_Configure Target SW : OK

_*>
<*_13:14:24_Configure Target : OK_*>
<*_13:14:24_Read Volatile Target Info : OK_*>
<*_13:14:24_Load Dependencies : OK_*>
<*_13:14:50_Run Dependencies : OK_*>
<*_13:15:21_Run Test : OK
NetworkStream\Test_NetworkStream_Sweep_BufferSize.vi: Passed
Connector Pane Used: STR-Performance_Error_Param
_*>
<*_13:15:22_Run Post VI : OK_*>
<*_13:15:22_Unload Depend. : OK_*>
<*_13:15:22_Detailed Report : OK_*>
<*_13:15:22_Summary : OK_*>
<*_13:15:26_Mongodb warning: 
Run MongoTestResult.vi/MongoMetrics.vi error -8007: lvMongoDriver.lvlib:tMongoConnection.lvclass:_attemptConnection.vi<ERR>
Attempted to contact master but was unsuccessful.  Check your hostnames, or retry again later.

Error for host (rtdata2):
Error 54 occurred at TCP Open Connection in lvMongoDriver.lvlib:tMongoConnection.lvclass:_tryNode.vi:1160001->lvMongoDriver.lvlib:tMongoConnection.lvclass:_attemptConnection.vi->lvMongoDriver.lvlib:tMongoConnection.lvclass:Open.vi->MongoTestResultInsert.vi->MongoTestResultInsert.vi.ProxyCaller

Possible reason(s):

LabVIEW: (Hex 0x36) The network address is ill-formed. Make sure the address is in a valid format. For TCP/IP, the address can be either a machine name or an IP address in the form xxx.xxx.xxx.xxx. If this error occurs when specifying a machine name, make sure the machine name is valid. Try to ping the machine name. Check that you have a DNS server properly configured. If you are using the TCP Open Connection function, ensure that the value of the remote port or service name is not 0.


<b>Complete call chain:</b>
     lvMongoDriver.lvlib:tMongoConnection.lvclass:_attemptConnection.vi
     lvMongoDriver.lvlib:tMongoConnection.lvclass:Open.vi
     MongoTestResultInsert.vi
     MongoTestResultInsert.vi.ProxyCaller_*>
<*_13:15:26_Test Iteration End : OK_*>
<*_13:15:26_Test Iteration Reports : OK_*>
<*_13:15:26_Case Cycle End : OK_*>
<*_13:15:26_Test Loop End : OK_*>
<*_13:15:26_Test Loop Begin : OK
Current Test: NetworkStream\Test_NetworkStream_Sweep_BufferSize_SMP.vi:_*>
<*_13:15:26_Load Test Config : OK_*>
<*_13:15:26_Config Cycle Begin : OK_*>
<*_13:15:26_Find Targets : OK_*>
<*_13:15:26_Case Cycle Init : OK_*>
<*_13:15:26_Case Cycle Begin : OK_*>
<*_13:15:26_Test Iteration Begin : OK_*>
<*_13:15:26_Configure Target SW : OK

_*>
<*_13:15:26_Configure Target : OK_*>
<*_13:15:26_Read Volatile Target Info : OK_*>
<*_13:15:26_Load Dependencies : OK_*>
<*_13:15:49_Run Dependencies : OK_*>
<*_13:16:26_Run Test : OK
NetworkStream\Test_NetworkStream_Sweep_BufferSize_SMP.vi: Passed
Connector Pane Used: STR-Performance_Error_Param
_*>
<*_13:16:26_Run Post VI : OK_*>
<*_13:16:26_Unload Depend. : OK_*>
<*_13:16:26_Detailed Report : OK_*>
<*_13:16:26_Summary : OK_*>
<*_13:16:30_Mongodb warning: 
Run MongoTestResult.vi/MongoMetrics.vi error -8007: lvMongoDriver.lvlib:tMongoConnection.lvclass:_attemptConnection.vi<ERR>
Attempted to contact master but was unsuccessful.  Check your hostnames, or retry again later.

Error for host (rtdata2):
Error 54 occurred at TCP Open Connection in lvMongoDriver.lvlib:tMongoConnection.lvclass:_tryNode.vi:1160001->lvMongoDriver.lvlib:tMongoConnection.lvclass:_attemptConnection.vi->lvMongoDriver.lvlib:tMongoConnection.lvclass:Open.vi->MongoTestResultInsert.vi->MongoTestResultInsert.vi.ProxyCaller

Possible reason(s):

LabVIEW: (Hex 0x36) The network address is ill-formed. Make sure the address is in a valid format. For TCP/IP, the address can be either a machine name or an IP address in the form xxx.xxx.xxx.xxx. If this error occurs when specifying a machine name, make sure the machine name is valid. Try to ping the machine name. Check that you have a DNS server properly configured. If you are using the TCP Open Connection function, ensure that the value of the remote port or service name is not 0.


<b>Complete call chain:</b>
     lvMongoDriver.lvlib:tMongoConnection.lvclass:_attemptConnection.vi
     lvMongoDriver.lvlib:tMongoConnection.lvclass:Open.vi
     MongoTestResultInsert.vi
     MongoTestResultInsert.vi.ProxyCaller_*>
<*_13:16:30_Test Iteration End : OK_*>
<*_13:16:30_Test Iteration Reports : OK_*>
<*_13:16:30_Case Cycle End : OK_*>
<*_13:16:30_Config Cycle Begin : OK_*>
<*_13:16:30_Find Targets : OK_*>
<*_13:16:30_Case Cycle Init : OK_*>
<*_13:16:30_Case Cycle Begin : OK_*>
<*_13:16:30_Test Iteration Begin : OK_*>
<*_13:16:30_Configure Target SW : OK

_*>
<*_13:16:30_Configure Target : OK_*>
<*_13:16:30_Read Volatile Target Info : OK_*>
<*_13:16:30_Load Dependencies : OK_*>
<*_13:16:57_Run Dependencies : OK_*>
<*_13:17:28_Run Test : OK
NetworkStream\Test_NetworkStream_Sweep_BufferSize_SMP.vi: Passed
Connector Pane Used: STR-Performance_Error_Param
_*>
<*_13:17:28_Run Post VI : OK_*>
<*_13:17:29_Unload Depend. : OK_*>
<*_13:17:29_Detailed Report : OK_*>
<*_13:17:29_Summary : OK_*>
<*_13:17:32_Mongodb warning: 
Run MongoTestResult.vi/MongoMetrics.vi error -8007: lvMongoDriver.lvlib:tMongoConnection.lvclass:_attemptConnection.vi<ERR>
Attempted to contact master but was unsuccessful.  Check your hostnames, or retry again later.

Error for host (rtdata2):
Error 54 occurred at TCP Open Connection in lvMongoDriver.lvlib:tMongoConnection.lvclass:_tryNode.vi:1160001->lvMongoDriver.lvlib:tMongoConnection.lvclass:_attemptConnection.vi->lvMongoDriver.lvlib:tMongoConnection.lvclass:Open.vi->MongoTestResultInsert.vi->MongoTestResultInsert.vi.ProxyCaller

Possible reason(s):

LabVIEW: (Hex 0x36) The network address is ill-formed. Make sure the address is in a valid format. For TCP/IP, the address can be either a machine name or an IP address in the form xxx.xxx.xxx.xxx. If this error occurs when specifying a machine name, make sure the machine name is valid. Try to ping the machine name. Check that you have a DNS server properly configured. If you are using the TCP Open Connection function, ensure that the value of the remote port or service name is not 0.


<b>Complete call chain:</b>
     lvMongoDriver.lvlib:tMongoConnection.lvclass:_attemptConnection.vi
     lvMongoDriver.lvlib:tMongoConnection.lvclass:Open.vi
     MongoTestResultInsert.vi
     MongoTestResultInsert.vi.ProxyCaller_*>
<*_13:17:32_Test Iteration End : OK_*>
<*_13:17:33_Test Iteration Reports : OK_*>
<*_13:17:33_Case Cycle End : OK_*>
<*_13:17:33_Test Loop End : OK_*>
<*_13:17:33_Test Loop Begin : OK
Current Test: NetworkStream\Test_NetworkStream_Sweep_NumElements.vi:_*>
<*_13:17:33_Load Test Config : OK_*>
<*_13:17:33_Config Cycle Begin : OK_*>
<*_13:17:33_Find Targets : OK_*>
<*_13:17:33_Case Cycle Init : OK_*>
<*_13:17:33_Case Cycle Begin : OK_*>
<*_13:17:33_Test Iteration Begin : OK_*>
<*_13:17:33_Configure Target SW : OK

_*>
<*_13:17:33_Configure Target : OK_*>
<*_13:17:33_Read Volatile Target Info : OK_*>
<*_13:17:33_Load Dependencies : OK_*>
<*_13:17:56_Run Dependencies : OK_*>
<*_13:18:32_Run Test : OK
NetworkStream\Test_NetworkStream_Sweep_NumElements.vi: Passed
Connector Pane Used: STR-Performance_Error_Param
_*>
<*_13:18:32_Run Post VI : OK_*>
<*_13:18:32_Unload Depend. : OK_*>
<*_13:18:32_Detailed Report : OK_*>
<*_13:18:32_Summary : OK_*>
<*_13:18:36_Mongodb warning: 
Run MongoTestResult.vi/MongoMetrics.vi error -8007: lvMongoDriver.lvlib:tMongoConnection.lvclass:_attemptConnection.vi<ERR>
Attempted to contact master but was unsuccessful.  Check your hostnames, or retry again later.

Error for host (rtdata2):
Error 54 occurred at TCP Open Connection in lvMongoDriver.lvlib:tMongoConnection.lvclass:_tryNode.vi:1160001->lvMongoDriver.lvlib:tMongoConnection.lvclass:_attemptConnection.vi->lvMongoDriver.lvlib:tMongoConnection.lvclass:Open.vi->MongoTestResultInsert.vi->MongoTestResultInsert.vi.ProxyCaller

Possible reason(s):

LabVIEW: (Hex 0x36) The network address is ill-formed. Make sure the address is in a valid format. For TCP/IP, the address can be either a machine name or an IP address in the form xxx.xxx.xxx.xxx. If this error occurs when specifying a machine name, make sure the machine name is valid. Try to ping the machine name. Check that you have a DNS server properly configured. If you are using the TCP Open Connection function, ensure that the value of the remote port or service name is not 0.


<b>Complete call chain:</b>
     lvMongoDriver.lvlib:tMongoConnection.lvclass:_attemptConnection.vi
     lvMongoDriver.lvlib:tMongoConnection.lvclass:Open.vi
     MongoTestResultInsert.vi
     MongoTestResultInsert.vi.ProxyCaller_*>
<*_13:18:36_Test Iteration End : OK_*>
<*_13:18:36_Test Iteration Reports : OK_*>
<*_13:18:36_Case Cycle End : OK_*>
<*_13:18:36_Config Cycle Begin : OK_*>
<*_13:18:36_Find Targets : OK_*>
<*_13:18:36_Case Cycle Init : OK_*>
<*_13:18:36_Case Cycle Begin : OK_*>
<*_13:18:36_Test Iteration Begin : OK_*>
<*_13:18:36_Configure Target SW : OK

_*>
<*_13:18:36_Configure Target : OK_*>
<*_13:18:36_Read Volatile Target Info : OK_*>
<*_13:18:36_Load Dependencies : OK_*>
<*_13:19:02_Run Dependencies : OK_*>
<*_13:19:33_Run Test : OK
NetworkStream\Test_NetworkStream_Sweep_NumElements.vi: Passed
Connector Pane Used: STR-Performance_Error_Param
_*>
<*_13:19:34_Run Post VI : OK_*>
<*_13:19:34_Unload Depend. : OK_*>
<*_13:19:34_Detailed Report : OK_*>
<*_13:19:34_Summary : OK_*>
<*_13:19:38_Mongodb warning: 
Run MongoTestResult.vi/MongoMetrics.vi error -8007: lvMongoDriver.lvlib:tMongoConnection.lvclass:_attemptConnection.vi<ERR>
Attempted to contact master but was unsuccessful.  Check your hostnames, or retry again later.

Error for host (rtdata2):
Error 54 occurred at TCP Open Connection in lvMongoDriver.lvlib:tMongoConnection.lvclass:_tryNode.vi:1160001->lvMongoDriver.lvlib:tMongoConnection.lvclass:_attemptConnection.vi->lvMongoDriver.lvlib:tMongoConnection.lvclass:Open.vi->MongoTestResultInsert.vi->MongoTestResultInsert.vi.ProxyCaller

Possible reason(s):

LabVIEW: (Hex 0x36) The network address is ill-formed. Make sure the address is in a valid format. For TCP/IP, the address can be either a machine name or an IP address in the form xxx.xxx.xxx.xxx. If this error occurs when specifying a machine name, make sure the machine name is valid. Try to ping the machine name. Check that you have a DNS server properly configured. If you are using the TCP Open Connection function, ensure that the value of the remote port or service name is not 0.


<b>Complete call chain:</b>
     lvMongoDriver.lvlib:tMongoConnection.lvclass:_attemptConnection.vi
     lvMongoDriver.lvlib:tMongoConnection.lvclass:Open.vi
     MongoTestResultInsert.vi
     MongoTestResultInsert.vi.ProxyCaller_*>
<*_13:19:38_Test Iteration End : OK_*>
<*_13:19:38_Test Iteration Reports : OK_*>
<*_13:19:38_Case Cycle End : OK_*>
<*_13:19:38_Test Loop End : OK_*>
<*_13:19:38_Test Loop Begin : OK
Current Test: NetworkStream\Test_NetworkStream_Sweep_NumElements_SMP.vi:_*>
<*_13:19:38_Load Test Config : OK_*>
<*_13:19:38_Config Cycle Begin : OK_*>
<*_13:19:38_Find Targets : OK_*>
<*_13:19:38_Case Cycle Init : OK_*>
<*_13:19:38_Case Cycle Begin : OK_*>
<*_13:19:38_Test Iteration Begin : OK_*>
<*_13:19:38_Configure Target SW : OK

_*>
<*_13:19:38_Configure Target : OK_*>
<*_13:19:38_Read Volatile Target Info : OK_*>
<*_13:19:38_Load Dependencies : OK_*>
<*_13:20:01_Run Dependencies : OK_*>
<*_13:20:38_Run Test : OK
NetworkStream\Test_NetworkStream_Sweep_NumElements_SMP.vi: Passed
Connector Pane Used: STR-Performance_Error_Param
_*>
<*_13:20:38_Run Post VI : OK_*>
<*_13:20:38_Unload Depend. : OK_*>
<*_13:20:39_Detailed Report : OK_*>
<*_13:20:39_Summary : OK_*>
<*_13:20:42_Mongodb warning: 
Run MongoTestResult.vi/MongoMetrics.vi error -8007: lvMongoDriver.lvlib:tMongoConnection.lvclass:_attemptConnection.vi<ERR>
Attempted to contact master but was unsuccessful.  Check your hostnames, or retry again later.

Error for host (rtdata2):
Error 54 occurred at TCP Open Connection in lvMongoDriver.lvlib:tMongoConnection.lvclass:_tryNode.vi:1160001->lvMongoDriver.lvlib:tMongoConnection.lvclass:_attemptConnection.vi->lvMongoDriver.lvlib:tMongoConnection.lvclass:Open.vi->MongoTestResultInsert.vi->MongoTestResultInsert.vi.ProxyCaller

Possible reason(s):

LabVIEW: (Hex 0x36) The network address is ill-formed. Make sure the address is in a valid format. For TCP/IP, the address can be either a machine name or an IP address in the form xxx.xxx.xxx.xxx. If this error occurs when specifying a machine name, make sure the machine name is valid. Try to ping the machine name. Check that you have a DNS server properly configured. If you are using the TCP Open Connection function, ensure that the value of the remote port or service name is not 0.


<b>Complete call chain:</b>
     lvMongoDriver.lvlib:tMongoConnection.lvclass:_attemptConnection.vi
     lvMongoDriver.lvlib:tMongoConnection.lvclass:Open.vi
     MongoTestResultInsert.vi
     MongoTestResultInsert.vi.ProxyCaller_*>
<*_13:20:42_Test Iteration End : OK_*>
<*_13:20:42_Test Iteration Reports : OK_*>
<*_13:20:42_Case Cycle End : OK_*>
<*_13:20:42_Config Cycle Begin : OK_*>
<*_13:20:42_Find Targets : OK_*>
<*_13:20:42_Case Cycle Init : OK_*>
<*_13:20:42_Case Cycle Begin : OK_*>
<*_13:20:42_Test Iteration Begin : OK_*>
<*_13:20:42_Configure Target SW : OK

_*>
<*_13:20:42_Configure Target : OK_*>
<*_13:20:42_Read Volatile Target Info : OK_*>
<*_13:20:42_Load Dependencies : OK_*>
<*_13:21:09_Run Dependencies : OK_*>
<*_13:21:40_Run Test : OK
NetworkStream\Test_NetworkStream_Sweep_NumElements_SMP.vi: Passed
Connector Pane Used: STR-Performance_Error_Param
_*>
<*_13:21:41_Run Post VI : OK_*>
<*_13:21:41_Unload Depend. : OK_*>
<*_13:21:42_Detailed Report : OK_*>
<*_13:21:42_Summary : OK_*>
<*_13:21:45_Mongodb warning: 
Run MongoTestResult.vi/MongoMetrics.vi error -8007: lvMongoDriver.lvlib:tMongoConnection.lvclass:_attemptConnection.vi<ERR>
Attempted to contact master but was unsuccessful.  Check your hostnames, or retry again later.

Error for host (rtdata2):
Error 54 occurred at TCP Open Connection in lvMongoDriver.lvlib:tMongoConnection.lvclass:_tryNode.vi:1160001->lvMongoDriver.lvlib:tMongoConnection.lvclass:_attemptConnection.vi->lvMongoDriver.lvlib:tMongoConnection.lvclass:Open.vi->MongoTestResultInsert.vi->MongoTestResultInsert.vi.ProxyCaller

Possible reason(s):

LabVIEW: (Hex 0x36) The network address is ill-formed. Make sure the address is in a valid format. For TCP/IP, the address can be either a machine name or an IP address in the form xxx.xxx.xxx.xxx. If this error occurs when specifying a machine name, make sure the machine name is valid. Try to ping the machine name. Check that you have a DNS server properly configured. If you are using the TCP Open Connection function, ensure that the value of the remote port or service name is not 0.


<b>Complete call chain:</b>
     lvMongoDriver.lvlib:tMongoConnection.lvclass:_attemptConnection.vi
     lvMongoDriver.lvlib:tMongoConnection.lvclass:Open.vi
     MongoTestResultInsert.vi
     MongoTestResultInsert.vi.ProxyCaller_*>
<*_13:21:45_Test Iteration End : OK_*>
<*_13:21:45_Test Iteration Reports : OK_*>
<*_13:21:45_Case Cycle End : OK_*>
<*_13:21:45_Test Loop End : OK_*>
<*_13:21:45_Test Loop Begin : OK
Current Test: NetworkStream\Test_NetworkStream_Throughput.vi:_*>
<*_13:21:45_Load Test Config : OK_*>
<*_13:21:45_Config Cycle Begin : OK_*>
<*_13:21:45_Find Targets : OK_*>
<*_13:21:45_Case Cycle Init : OK_*>
<*_13:21:45_Case Cycle Begin : OK_*>
<*_13:21:45_Test Iteration Begin : OK_*>
<*_13:21:45_Configure Target SW : OK

_*>
<*_13:21:45_Configure Target : OK_*>
<*_13:21:45_Read Volatile Target Info : OK_*>
<*_13:21:45_Load Dependencies : OK_*>
<*_13:22:08_Run Dependencies : OK_*>
<*_13:22:18_Run Test : OK
NetworkStream\Test_NetworkStream_Throughput.vi: Passed
Connector Pane Used: STR-Performance_Error_Param
_*>
<*_13:22:19_Run Post VI : OK_*>
<*_13:22:19_Unload Depend. : OK_*>
<*_13:22:19_Detailed Report : OK_*>
<*_13:22:19_Summary : OK_*>
<*_13:22:22_Mongodb warning: 
Run MongoTestResult.vi/MongoMetrics.vi error -8007: lvMongoDriver.lvlib:tMongoConnection.lvclass:_attemptConnection.vi<ERR>
Attempted to contact master but was unsuccessful.  Check your hostnames, or retry again later.

Error for host (rtdata2):
Error 54 occurred at TCP Open Connection in lvMongoDriver.lvlib:tMongoConnection.lvclass:_tryNode.vi:1160001->lvMongoDriver.lvlib:tMongoConnection.lvclass:_attemptConnection.vi->lvMongoDriver.lvlib:tMongoConnection.lvclass:Open.vi->MongoTestResultInsert.vi->MongoTestResultInsert.vi.ProxyCaller

Possible reason(s):

LabVIEW: (Hex 0x36) The network address is ill-formed. Make sure the address is in a valid format. For TCP/IP, the address can be either a machine name or an IP address in the form xxx.xxx.xxx.xxx. If this error occurs when specifying a machine name, make sure the machine name is valid. Try to ping the machine name. Check that you have a DNS server properly configured. If you are using the TCP Open Connection function, ensure that the value of the remote port or service name is not 0.


<b>Complete call chain:</b>
     lvMongoDriver.lvlib:tMongoConnection.lvclass:_attemptConnection.vi
     lvMongoDriver.lvlib:tMongoConnection.lvclass:Open.vi
     MongoTestResultInsert.vi
     MongoTestResultInsert.vi.ProxyCaller_*>
<*_13:22:22_Test Iteration End : OK_*>
<*_13:22:23_Test Iteration Reports : OK_*>
<*_13:22:23_Case Cycle End : OK_*>
<*_13:22:23_Config Cycle Begin : OK_*>
<*_13:22:23_Find Targets : OK_*>
<*_13:22:23_Case Cycle Init : OK_*>
<*_13:22:23_Case Cycle Begin : OK_*>
<*_13:22:23_Test Iteration Begin : OK_*>
<*_13:22:23_Configure Target SW : OK

_*>
<*_13:22:23_Configure Target : OK_*>
<*_13:22:23_Read Volatile Target Info : OK_*>
<*_13:22:23_Load Dependencies : OK_*>
<*_13:22:49_Run Dependencies : OK_*>
<*_13:22:54_Run Test : OK
NetworkStream\Test_NetworkStream_Throughput.vi: Passed
Connector Pane Used: STR-Performance_Error_Param
_*>
<*_13:22:55_Run Post VI : OK_*>
<*_13:22:55_Unload Depend. : OK_*>
<*_13:22:55_Detailed Report : OK_*>
<*_13:22:55_Summary : OK_*>
<*_13:22:59_Mongodb warning: 
Run MongoTestResult.vi/MongoMetrics.vi error -8007: lvMongoDriver.lvlib:tMongoConnection.lvclass:_attemptConnection.vi<ERR>
Attempted to contact master but was unsuccessful.  Check your hostnames, or retry again later.

Error for host (rtdata2):
Error 54 occurred at TCP Open Connection in lvMongoDriver.lvlib:tMongoConnection.lvclass:_tryNode.vi:1160001->lvMongoDriver.lvlib:tMongoConnection.lvclass:_attemptConnection.vi->lvMongoDriver.lvlib:tMongoConnection.lvclass:Open.vi->MongoTestResultInsert.vi->MongoTestResultInsert.vi.ProxyCaller

Possible reason(s):

LabVIEW: (Hex 0x36) The network address is ill-formed. Make sure the address is in a valid format. For TCP/IP, the address can be either a machine name or an IP address in the form xxx.xxx.xxx.xxx. If this error occurs when specifying a machine name, make sure the machine name is valid. Try to ping the machine name. Check that you have a DNS server properly configured. If you are using the TCP Open Connection function, ensure that the value of the remote port or service name is not 0.


<b>Complete call chain:</b>
     lvMongoDriver.lvlib:tMongoConnection.lvclass:_attemptConnection.vi
     lvMongoDriver.lvlib:tMongoConnection.lvclass:Open.vi
     MongoTestResultInsert.vi
     MongoTestResultInsert.vi.ProxyCaller_*>
<*_13:22:59_Test Iteration End : OK_*>
<*_13:22:59_Test Iteration Reports : OK_*>
<*_13:22:59_Case Cycle End : OK_*>
<*_13:22:59_Test Loop End : OK_*>
<*_13:22:59_Test Loop Begin : OK
Current Test: NetworkStream\Test_NetworkStream_Throughput_SMP.vi:_*>
<*_13:22:59_Load Test Config : OK_*>
<*_13:22:59_Config Cycle Begin : OK_*>
<*_13:22:59_Find Targets : OK_*>
<*_13:22:59_Case Cycle Init : OK_*>
<*_13:22:59_Case Cycle Begin : OK_*>
<*_13:22:59_Test Iteration Begin : OK_*>
<*_13:22:59_Configure Target SW : OK

_*>
<*_13:22:59_Configure Target : OK_*>
<*_13:22:59_Read Volatile Target Info : OK_*>
<*_13:22:59_Load Dependencies : OK_*>
<*_13:23:22_Run Dependencies : OK_*>
<*_13:23:34_Run Test : OK
NetworkStream\Test_NetworkStream_Throughput_SMP.vi: Passed
Connector Pane Used: STR-Performance_Error_Param
_*>
<*_13:23:34_Run Post VI : OK_*>
<*_13:23:34_Unload Depend. : OK_*>
<*_13:23:34_Detailed Report : OK_*>
<*_13:23:34_Summary : OK_*>
<*_13:23:38_Mongodb warning: 
Run MongoTestResult.vi/MongoMetrics.vi error -8007: lvMongoDriver.lvlib:tMongoConnection.lvclass:_attemptConnection.vi<ERR>
Attempted to contact master but was unsuccessful.  Check your hostnames, or retry again later.

Error for host (rtdata2):
Error 54 occurred at TCP Open Connection in lvMongoDriver.lvlib:tMongoConnection.lvclass:_tryNode.vi:1160001->lvMongoDriver.lvlib:tMongoConnection.lvclass:_attemptConnection.vi->lvMongoDriver.lvlib:tMongoConnection.lvclass:Open.vi->MongoTestResultInsert.vi->MongoTestResultInsert.vi.ProxyCaller

Possible reason(s):

LabVIEW: (Hex 0x36) The network address is ill-formed. Make sure the address is in a valid format. For TCP/IP, the address can be either a machine name or an IP address in the form xxx.xxx.xxx.xxx. If this error occurs when specifying a machine name, make sure the machine name is valid. Try to ping the machine name. Check that you have a DNS server properly configured. If you are using the TCP Open Connection function, ensure that the value of the remote port or service name is not 0.


<b>Complete call chain:</b>
     lvMongoDriver.lvlib:tMongoConnection.lvclass:_attemptConnection.vi
     lvMongoDriver.lvlib:tMongoConnection.lvclass:Open.vi
     MongoTestResultInsert.vi
     MongoTestResultInsert.vi.ProxyCaller_*>
<*_13:23:38_Test Iteration End : OK_*>
<*_13:23:38_Test Iteration Reports : OK_*>
<*_13:23:38_Case Cycle End : OK_*>
<*_13:23:38_Config Cycle Begin : OK_*>
<*_13:23:38_Find Targets : OK_*>
<*_13:23:38_Case Cycle Init : OK_*>
<*_13:23:38_Case Cycle Begin : OK_*>
<*_13:23:38_Test Iteration Begin : OK_*>
<*_13:23:38_Configure Target SW : OK

_*>
<*_13:23:38_Configure Target : OK_*>
<*_13:23:38_Read Volatile Target Info : OK_*>
<*_13:23:38_Load Dependencies : OK_*>
<*_13:24:05_Run Dependencies : OK_*>
<*_13:24:11_Run Test : OK
NetworkStream\Test_NetworkStream_Throughput_SMP.vi: Passed
Connector Pane Used: STR-Performance_Error_Param
_*>
<*_13:24:11_Run Post VI : OK_*>
<*_13:24:12_Unload Depend. : OK_*>
<*_13:24:12_Detailed Report : OK_*>
<*_13:24:12_Summary : OK_*>
<*_13:24:15_Mongodb warning: 
Run MongoTestResult.vi/MongoMetrics.vi error -8007: lvMongoDriver.lvlib:tMongoConnection.lvclass:_attemptConnection.vi<ERR>
Attempted to contact master but was unsuccessful.  Check your hostnames, or retry again later.

Error for host (rtdata2):
Error 54 occurred at TCP Open Connection in lvMongoDriver.lvlib:tMongoConnection.lvclass:_tryNode.vi:1160001->lvMongoDriver.lvlib:tMongoConnection.lvclass:_attemptConnection.vi->lvMongoDriver.lvlib:tMongoConnection.lvclass:Open.vi->MongoTestResultInsert.vi->MongoTestResultInsert.vi.ProxyCaller

Possible reason(s):

LabVIEW: (Hex 0x36) The network address is ill-formed. Make sure the address is in a valid format. For TCP/IP, the address can be either a machine name or an IP address in the form xxx.xxx.xxx.xxx. If this error occurs when specifying a machine name, make sure the machine name is valid. Try to ping the machine name. Check that you have a DNS server properly configured. If you are using the TCP Open Connection function, ensure that the value of the remote port or service name is not 0.


<b>Complete call chain:</b>
     lvMongoDriver.lvlib:tMongoConnection.lvclass:_attemptConnection.vi
     lvMongoDriver.lvlib:tMongoConnection.lvclass:Open.vi
     MongoTestResultInsert.vi
     MongoTestResultInsert.vi.ProxyCaller_*>
<*_13:24:15_Test Iteration End : OK_*>
<*_13:24:15_Test Iteration Reports : OK_*>
<*_13:24:15_Case Cycle End : OK_*>
<*_13:24:15_Test Loop End : OK_*>
<*_13:24:15_Test Loop Begin : OK
Current Test: TCP\Test_TCP_Sweep_NumElements.vi:_*>
<*_13:24:15_Load Test Config : OK_*>
<*_13:24:15_Config Cycle Begin : OK_*>
<*_13:24:15_Find Targets : OK_*>
<*_13:24:15_Case Cycle Init : OK_*>
<*_13:24:15_Case Cycle Begin : OK_*>
<*_13:24:15_Test Iteration Begin : OK_*>
<*_13:24:15_Configure Target SW : OK

_*>
<*_13:24:15_Configure Target : OK_*>
<*_13:24:15_Read Volatile Target Info : OK_*>
<*_13:24:15_Load Dependencies : OK_*>
<*_13:24:38_Run Dependencies : OK_*>
<*_13:25:15_Run Test : OK
TCP\Test_TCP_Sweep_NumElements.vi: Passed
Connector Pane Used: STR-Performance_Error_Param
_*>
<*_13:25:15_Run Post VI : OK_*>
<*_13:25:15_Unload Depend. : OK_*>
<*_13:25:15_Detailed Report : OK_*>
<*_13:25:15_Summary : OK_*>
<*_13:25:19_Mongodb warning: 
Run MongoTestResult.vi/MongoMetrics.vi error -8007: lvMongoDriver.lvlib:tMongoConnection.lvclass:_attemptConnection.vi<ERR>
Attempted to contact master but was unsuccessful.  Check your hostnames, or retry again later.

Error for host (rtdata2):
Error 54 occurred at TCP Open Connection in lvMongoDriver.lvlib:tMongoConnection.lvclass:_tryNode.vi:1160001->lvMongoDriver.lvlib:tMongoConnection.lvclass:_attemptConnection.vi->lvMongoDriver.lvlib:tMongoConnection.lvclass:Open.vi->MongoTestResultInsert.vi->MongoTestResultInsert.vi.ProxyCaller

Possible reason(s):

LabVIEW: (Hex 0x36) The network address is ill-formed. Make sure the address is in a valid format. For TCP/IP, the address can be either a machine name or an IP address in the form xxx.xxx.xxx.xxx. If this error occurs when specifying a machine name, make sure the machine name is valid. Try to ping the machine name. Check that you have a DNS server properly configured. If you are using the TCP Open Connection function, ensure that the value of the remote port or service name is not 0.


<b>Complete call chain:</b>
     lvMongoDriver.lvlib:tMongoConnection.lvclass:_attemptConnection.vi
     lvMongoDriver.lvlib:tMongoConnection.lvclass:Open.vi
     MongoTestResultInsert.vi
     MongoTestResultInsert.vi.ProxyCaller_*>
<*_13:25:19_Test Iteration End : OK_*>
<*_13:25:19_Test Iteration Reports : OK_*>
<*_13:25:19_Case Cycle End : OK_*>
<*_13:25:19_Config Cycle Begin : OK_*>
<*_13:25:19_Find Targets : OK_*>
<*_13:25:19_Case Cycle Init : OK_*>
<*_13:25:19_Case Cycle Begin : OK_*>
<*_13:25:19_Test Iteration Begin : OK_*>
<*_13:25:19_Configure Target SW : OK

_*>
<*_13:25:19_Configure Target : OK_*>
<*_13:25:19_Read Volatile Target Info : OK_*>
<*_13:25:19_Load Dependencies : OK_*>
<*_13:25:45_Run Dependencies : OK_*>
<*_13:26:16_Run Test : OK
TCP\Test_TCP_Sweep_NumElements.vi: Passed
Connector Pane Used: STR-Performance_Error_Param
_*>
<*_13:26:17_Run Post VI : OK_*>
<*_13:26:17_Unload Depend. : OK_*>
<*_13:26:18_Detailed Report : OK_*>
<*_13:26:18_Summary : OK_*>
<*_13:26:21_Mongodb warning: 
Run MongoTestResult.vi/MongoMetrics.vi error -8007: lvMongoDriver.lvlib:tMongoConnection.lvclass:_attemptConnection.vi<ERR>
Attempted to contact master but was unsuccessful.  Check your hostnames, or retry again later.

Error for host (rtdata2):
Error 54 occurred at TCP Open Connection in lvMongoDriver.lvlib:tMongoConnection.lvclass:_tryNode.vi:1160001->lvMongoDriver.lvlib:tMongoConnection.lvclass:_attemptConnection.vi->lvMongoDriver.lvlib:tMongoConnection.lvclass:Open.vi->MongoTestResultInsert.vi->MongoTestResultInsert.vi.ProxyCaller

Possible reason(s):

LabVIEW: (Hex 0x36) The network address is ill-formed. Make sure the address is in a valid format. For TCP/IP, the address can be either a machine name or an IP address in the form xxx.xxx.xxx.xxx. If this error occurs when specifying a machine name, make sure the machine name is valid. Try to ping the machine name. Check that you have a DNS server properly configured. If you are using the TCP Open Connection function, ensure that the value of the remote port or service name is not 0.


<b>Complete call chain:</b>
     lvMongoDriver.lvlib:tMongoConnection.lvclass:_attemptConnection.vi
     lvMongoDriver.lvlib:tMongoConnection.lvclass:Open.vi
     MongoTestResultInsert.vi
     MongoTestResultInsert.vi.ProxyCaller_*>
<*_13:26:21_Test Iteration End : OK_*>
<*_13:26:21_Test Iteration Reports : OK_*>
<*_13:26:21_Case Cycle End : OK_*>
<*_13:26:21_Test Loop End : OK_*>
<*_13:26:21_Test Loop Begin : OK
Current Test: TCP\Test_TCP_Sweep_NumElements_SMP.vi:_*>
<*_13:26:21_Load Test Config : OK_*>
<*_13:26:21_Config Cycle Begin : OK_*>
<*_13:26:21_Find Targets : OK_*>
<*_13:26:21_Case Cycle Init : OK_*>
<*_13:26:21_Case Cycle Begin : OK_*>
<*_13:26:21_Test Iteration Begin : OK_*>
<*_13:26:21_Configure Target SW : OK

_*>
<*_13:26:21_Configure Target : OK_*>
<*_13:26:21_Read Volatile Target Info : OK_*>
<*_13:26:21_Load Dependencies : OK_*>
<*_13:26:44_Run Dependencies : OK_*>
<*_13:27:22_Run Test : OK
TCP\Test_TCP_Sweep_NumElements_SMP.vi: Passed
Connector Pane Used: STR-Performance_Error_Param
_*>
<*_13:27:23_Run Post VI : OK_*>
<*_13:27:23_Unload Depend. : OK_*>
<*_13:27:23_Detailed Report : OK_*>
<*_13:27:23_Summary : OK_*>
<*_13:27:26_Mongodb warning: 
Run MongoTestResult.vi/MongoMetrics.vi error -8007: lvMongoDriver.lvlib:tMongoConnection.lvclass:_attemptConnection.vi<ERR>
Attempted to contact master but was unsuccessful.  Check your hostnames, or retry again later.

Error for host (rtdata2):
Error 54 occurred at TCP Open Connection in lvMongoDriver.lvlib:tMongoConnection.lvclass:_tryNode.vi:1160001->lvMongoDriver.lvlib:tMongoConnection.lvclass:_attemptConnection.vi->lvMongoDriver.lvlib:tMongoConnection.lvclass:Open.vi->MongoTestResultInsert.vi->MongoTestResultInsert.vi.ProxyCaller

Possible reason(s):

LabVIEW: (Hex 0x36) The network address is ill-formed. Make sure the address is in a valid format. For TCP/IP, the address can be either a machine name or an IP address in the form xxx.xxx.xxx.xxx. If this error occurs when specifying a machine name, make sure the machine name is valid. Try to ping the machine name. Check that you have a DNS server properly configured. If you are using the TCP Open Connection function, ensure that the value of the remote port or service name is not 0.


<b>Complete call chain:</b>
     lvMongoDriver.lvlib:tMongoConnection.lvclass:_attemptConnection.vi
     lvMongoDriver.lvlib:tMongoConnection.lvclass:Open.vi
     MongoTestResultInsert.vi
     MongoTestResultInsert.vi.ProxyCaller_*>
<*_13:27:26_Test Iteration End : OK_*>
<*_13:27:27_Test Iteration Reports : OK_*>
<*_13:27:27_Case Cycle End : OK_*>
<*_13:27:27_Config Cycle Begin : OK_*>
<*_13:27:27_Find Targets : OK_*>
<*_13:27:27_Case Cycle Init : OK_*>
<*_13:27:27_Case Cycle Begin : OK_*>
<*_13:27:27_Test Iteration Begin : OK_*>
<*_13:27:27_Configure Target SW : OK

_*>
<*_13:27:27_Configure Target : OK_*>
<*_13:27:27_Read Volatile Target Info : OK_*>
<*_13:27:27_Load Dependencies : OK_*>
<*_13:27:53_Run Dependencies : OK_*>
<*_13:28:28_Run Test : OK
TCP\Test_TCP_Sweep_NumElements_SMP.vi: Passed
Connector Pane Used: STR-Performance_Error_Param
_*>
<*_13:28:29_Run Post VI : OK_*>
<*_13:28:29_Unload Depend. : OK_*>
<*_13:28:30_Detailed Report : OK_*>
<*_13:28:30_Summary : OK_*>
<*_13:28:33_Mongodb warning: 
Run MongoTestResult.vi/MongoMetrics.vi error -8007: lvMongoDriver.lvlib:tMongoConnection.lvclass:_attemptConnection.vi<ERR>
Attempted to contact master but was unsuccessful.  Check your hostnames, or retry again later.

Error for host (rtdata2):
Error 54 occurred at TCP Open Connection in lvMongoDriver.lvlib:tMongoConnection.lvclass:_tryNode.vi:1160001->lvMongoDriver.lvlib:tMongoConnection.lvclass:_attemptConnection.vi->lvMongoDriver.lvlib:tMongoConnection.lvclass:Open.vi->MongoTestResultInsert.vi->MongoTestResultInsert.vi.ProxyCaller

Possible reason(s):

LabVIEW: (Hex 0x36) The network address is ill-formed. Make sure the address is in a valid format. For TCP/IP, the address can be either a machine name or an IP address in the form xxx.xxx.xxx.xxx. If this error occurs when specifying a machine name, make sure the machine name is valid. Try to ping the machine name. Check that you have a DNS server properly configured. If you are using the TCP Open Connection function, ensure that the value of the remote port or service name is not 0.


<b>Complete call chain:</b>
     lvMongoDriver.lvlib:tMongoConnection.lvclass:_attemptConnection.vi
     lvMongoDriver.lvlib:tMongoConnection.lvclass:Open.vi
     MongoTestResultInsert.vi
     MongoTestResultInsert.vi.ProxyCaller_*>
<*_13:28:33_Test Iteration End : OK_*>
<*_13:28:33_Test Iteration Reports : OK_*>
<*_13:28:33_Case Cycle End : OK_*>
<*_13:28:33_Test Loop End : OK_*>
<*_13:28:33_Test Loop Begin : OK
Current Test: TCP\Test_TCP_Throughput.vi:_*>
<*_13:28:33_Load Test Config : OK_*>
<*_13:28:33_Config Cycle Begin : OK_*>
<*_13:28:33_Find Targets : OK_*>
<*_13:28:33_Case Cycle Init : OK_*>
<*_13:28:33_Case Cycle Begin : OK_*>
<*_13:28:33_Test Iteration Begin : OK_*>
<*_13:28:33_Configure Target SW : OK

_*>
<*_13:28:33_Configure Target : OK_*>
<*_13:28:33_Read Volatile Target Info : OK_*>
<*_13:28:33_Load Dependencies : OK_*>
<*_13:28:56_Run Dependencies : OK_*>
<*_13:29:07_Run Test : OK
TCP\Test_TCP_Throughput.vi: Passed
Connector Pane Used: STR-Performance_Error_Param
_*>
<*_13:29:07_Run Post VI : OK_*>
<*_13:29:07_Unload Depend. : OK_*>
<*_13:29:08_Detailed Report : OK_*>
<*_13:29:08_Summary : OK_*>
<*_13:29:11_Mongodb warning: 
Run MongoTestResult.vi/MongoMetrics.vi error -8007: lvMongoDriver.lvlib:tMongoConnection.lvclass:_attemptConnection.vi<ERR>
Attempted to contact master but was unsuccessful.  Check your hostnames, or retry again later.

Error for host (rtdata2):
Error 54 occurred at TCP Open Connection in lvMongoDriver.lvlib:tMongoConnection.lvclass:_tryNode.vi:1160001->lvMongoDriver.lvlib:tMongoConnection.lvclass:_attemptConnection.vi->lvMongoDriver.lvlib:tMongoConnection.lvclass:Open.vi->MongoTestResultInsert.vi->MongoTestResultInsert.vi.ProxyCaller

Possible reason(s):

LabVIEW: (Hex 0x36) The network address is ill-formed. Make sure the address is in a valid format. For TCP/IP, the address can be either a machine name or an IP address in the form xxx.xxx.xxx.xxx. If this error occurs when specifying a machine name, make sure the machine name is valid. Try to ping the machine name. Check that you have a DNS server properly configured. If you are using the TCP Open Connection function, ensure that the value of the remote port or service name is not 0.


<b>Complete call chain:</b>
     lvMongoDriver.lvlib:tMongoConnection.lvclass:_attemptConnection.vi
     lvMongoDriver.lvlib:tMongoConnection.lvclass:Open.vi
     MongoTestResultInsert.vi
     MongoTestResultInsert.vi.ProxyCaller_*>
<*_13:29:11_Test Iteration End : OK_*>
<*_13:29:11_Test Iteration Reports : OK_*>
<*_13:29:11_Case Cycle End : OK_*>
<*_13:29:11_Config Cycle Begin : OK_*>
<*_13:29:11_Find Targets : OK_*>
<*_13:29:11_Case Cycle Init : OK_*>
<*_13:29:11_Case Cycle Begin : OK_*>
<*_13:29:11_Test Iteration Begin : OK_*>
<*_13:29:11_Configure Target SW : OK

_*>
<*_13:29:11_Configure Target : OK_*>
<*_13:29:11_Read Volatile Target Info : OK_*>
<*_13:29:11_Load Dependencies : OK_*>
<*_13:29:37_Run Dependencies : OK_*>
<*_13:29:43_Run Test : OK
TCP\Test_TCP_Throughput.vi: Passed
Connector Pane Used: STR-Performance_Error_Param
_*>
<*_13:29:43_Run Post VI : OK_*>
<*_13:29:44_Unload Depend. : OK_*>
<*_13:29:44_Detailed Report : OK_*>
<*_13:29:44_Summary : OK_*>
<*_13:29:47_Mongodb warning: 
Run MongoTestResult.vi/MongoMetrics.vi error -8007: lvMongoDriver.lvlib:tMongoConnection.lvclass:_attemptConnection.vi<ERR>
Attempted to contact master but was unsuccessful.  Check your hostnames, or retry again later.

Error for host (rtdata2):
Error 54 occurred at TCP Open Connection in lvMongoDriver.lvlib:tMongoConnection.lvclass:_tryNode.vi:1160001->lvMongoDriver.lvlib:tMongoConnection.lvclass:_attemptConnection.vi->lvMongoDriver.lvlib:tMongoConnection.lvclass:Open.vi->MongoTestResultInsert.vi->MongoTestResultInsert.vi.ProxyCaller

Possible reason(s):

LabVIEW: (Hex 0x36) The network address is ill-formed. Make sure the address is in a valid format. For TCP/IP, the address can be either a machine name or an IP address in the form xxx.xxx.xxx.xxx. If this error occurs when specifying a machine name, make sure the machine name is valid. Try to ping the machine name. Check that you have a DNS server properly configured. If you are using the TCP Open Connection function, ensure that the value of the remote port or service name is not 0.


<b>Complete call chain:</b>
     lvMongoDriver.lvlib:tMongoConnection.lvclass:_attemptConnection.vi
     lvMongoDriver.lvlib:tMongoConnection.lvclass:Open.vi
     MongoTestResultInsert.vi
     MongoTestResultInsert.vi.ProxyCaller_*>
<*_13:29:47_Test Iteration End : OK_*>
<*_13:29:48_Test Iteration Reports : OK_*>
<*_13:29:48_Case Cycle End : OK_*>
<*_13:29:48_Test Loop End : OK_*>
<*_13:29:48_Test Loop Begin : OK
Current Test: TCP\Test_TCP_Throughput_SMP.vi:_*>
<*_13:29:48_Load Test Config : OK_*>
<*_13:29:48_Config Cycle Begin : OK_*>
<*_13:29:48_Find Targets : OK_*>
<*_13:29:48_Case Cycle Init : OK_*>
<*_13:29:48_Case Cycle Begin : OK_*>
<*_13:29:48_Test Iteration Begin : OK_*>
<*_13:29:48_Configure Target SW : OK

_*>
<*_13:29:48_Configure Target : OK_*>
<*_13:29:48_Read Volatile Target Info : OK_*>
<*_13:29:48_Load Dependencies : OK_*>
<*_13:30:11_Run Dependencies : OK_*>
<*_13:30:22_Run Test : OK
TCP\Test_TCP_Throughput_SMP.vi: Passed
Connector Pane Used: STR-Performance_Error_Param
_*>
<*_13:30:23_Run Post VI : OK_*>
<*_13:30:23_Unload Depend. : OK_*>
<*_13:30:23_Detailed Report : OK_*>
<*_13:30:23_Summary : OK_*>
<*_13:30:26_Mongodb warning: 
Run MongoTestResult.vi/MongoMetrics.vi error -8007: lvMongoDriver.lvlib:tMongoConnection.lvclass:_attemptConnection.vi<ERR>
Attempted to contact master but was unsuccessful.  Check your hostnames, or retry again later.

Error for host (rtdata2):
Error 54 occurred at TCP Open Connection in lvMongoDriver.lvlib:tMongoConnection.lvclass:_tryNode.vi:1160001->lvMongoDriver.lvlib:tMongoConnection.lvclass:_attemptConnection.vi->lvMongoDriver.lvlib:tMongoConnection.lvclass:Open.vi->MongoTestResultInsert.vi->MongoTestResultInsert.vi.ProxyCaller

Possible reason(s):

LabVIEW: (Hex 0x36) The network address is ill-formed. Make sure the address is in a valid format. For TCP/IP, the address can be either a machine name or an IP address in the form xxx.xxx.xxx.xxx. If this error occurs when specifying a machine name, make sure the machine name is valid. Try to ping the machine name. Check that you have a DNS server properly configured. If you are using the TCP Open Connection function, ensure that the value of the remote port or service name is not 0.


<b>Complete call chain:</b>
     lvMongoDriver.lvlib:tMongoConnection.lvclass:_attemptConnection.vi
     lvMongoDriver.lvlib:tMongoConnection.lvclass:Open.vi
     MongoTestResultInsert.vi
     MongoTestResultInsert.vi.ProxyCaller_*>
<*_13:30:26_Test Iteration End : OK_*>
<*_13:30:27_Test Iteration Reports : OK_*>
<*_13:30:27_Case Cycle End : OK_*>
<*_13:30:27_Config Cycle Begin : OK_*>
<*_13:30:27_Find Targets : OK_*>
<*_13:30:27_Case Cycle Init : OK_*>
<*_13:30:27_Case Cycle Begin : OK_*>
<*_13:30:27_Test Iteration Begin : OK_*>
<*_13:30:27_Configure Target SW : OK

_*>
<*_13:30:27_Configure Target : OK_*>
<*_13:30:27_Read Volatile Target Info : OK_*>
<*_13:30:27_Load Dependencies : OK_*>
<*_13:30:53_Run Dependencies : OK_*>
<*_13:31:00_Run Test : OK
TCP\Test_TCP_Throughput_SMP.vi: Passed
Connector Pane Used: STR-Performance_Error_Param
_*>
<*_13:31:01_Run Post VI : OK_*>
<*_13:31:01_Unload Depend. : OK_*>
<*_13:31:01_Detailed Report : OK_*>
<*_13:31:01_Summary : OK_*>
<*_13:31:05_Mongodb warning: 
Run MongoTestResult.vi/MongoMetrics.vi error -8007: lvMongoDriver.lvlib:tMongoConnection.lvclass:_attemptConnection.vi<ERR>
Attempted to contact master but was unsuccessful.  Check your hostnames, or retry again later.

Error for host (rtdata2):
Error 54 occurred at TCP Open Connection in lvMongoDriver.lvlib:tMongoConnection.lvclass:_tryNode.vi:1160001->lvMongoDriver.lvlib:tMongoConnection.lvclass:_attemptConnection.vi->lvMongoDriver.lvlib:tMongoConnection.lvclass:Open.vi->MongoTestResultInsert.vi->MongoTestResultInsert.vi.ProxyCaller

Possible reason(s):

LabVIEW: (Hex 0x36) The network address is ill-formed. Make sure the address is in a valid format. For TCP/IP, the address can be either a machine name or an IP address in the form xxx.xxx.xxx.xxx. If this error occurs when specifying a machine name, make sure the machine name is valid. Try to ping the machine name. Check that you have a DNS server properly configured. If you are using the TCP Open Connection function, ensure that the value of the remote port or service name is not 0.


<b>Complete call chain:</b>
     lvMongoDriver.lvlib:tMongoConnection.lvclass:_attemptConnection.vi
     lvMongoDriver.lvlib:tMongoConnection.lvclass:Open.vi
     MongoTestResultInsert.vi
     MongoTestResultInsert.vi.ProxyCaller_*>
<*_13:31:05_Test Iteration End : OK_*>
<*_13:31:05_Test Iteration Reports : OK_*>
<*_13:31:05_Case Cycle End : OK_*>
<*_13:31:05_Test Loop End : OK_*>
<*_13:31:08_Mongodb warning: 
Run MongoTestSuiteFinish.vi error -8007: lvMongoDriver.lvlib:tMongoConnection.lvclass:_attemptConnection.vi<ERR>
Attempted to contact master but was unsuccessful.  Check your hostnames, or retry again later.

Error for host (rtdata2):
Error 54 occurred at TCP Open Connection in lvMongoDriver.lvlib:tMongoConnection.lvclass:_tryNode.vi:1160001->lvMongoDriver.lvlib:tMongoConnection.lvclass:_attemptConnection.vi->lvMongoDriver.lvlib:tMongoConnection.lvclass:Open.vi->MongoTestSuiteFinish.vi->MongoTestSuiteFinish.vi.ProxyCaller

Possible reason(s):

LabVIEW: (Hex 0x36) The network address is ill-formed. Make sure the address is in a valid format. For TCP/IP, the address can be either a machine name or an IP address in the form xxx.xxx.xxx.xxx. If this error occurs when specifying a machine name, make sure the machine name is valid. Try to ping the machine name. Check that you have a DNS server properly configured. If you are using the TCP Open Connection function, ensure that the value of the remote port or service name is not 0.


<b>Complete call chain:</b>
     lvMongoDriver.lvlib:tMongoConnection.lvclass:_attemptConnection.vi
     lvMongoDriver.lvlib:tMongoConnection.lvclass:Open.vi
     MongoTestSuiteFinish.vi
     MongoTestSuiteFinish.vi.ProxyCaller_*>
<*_13:31:08_Finalize Reports : OK_*>
<*_13:31:08_Init TS : OK
Error if any from the XML VI_*>
