<*_12:50:50_Init TS : OK
Running as EXE
Command-line arguments:
RTATS
_*>
<*_12:50:51_Load TS Config : OK_*>
<*_12:50:51_Apply TS Config : OK_*>
<*_12:50:51_Apply TS Config [2] : OK_*>
<*_12:50:51_Load Tests : OK_*>
<*_12:50:51_Filter Tests : OK_*>
<*_12:51:06_Test Selector : OK_*>
<*_12:51:06_Validate Tests : OK

_*>
<*_12:51:43_Mongodb warning: 
Run MongoTestSuiteStart.vi error -8007: lvMongoDriver.lvlib:tMongoConnection.lvclass:_attemptConnection.vi<ERR>
Attempted to contact master but was unsuccessful.  Check your hostnames, or retry again later.

Error for host (rtdata2):
Error 54 occurred at TCP Open Connection in lvMongoDriver.lvlib:tMongoConnection.lvclass:_tryNode.vi:1160001->lvMongoDriver.lvlib:tMongoConnection.lvclass:_attemptConnection.vi->lvMongoDriver.lvlib:tMongoConnection.lvclass:RefreshConnection.vi->lvMongoDriver.lvlib:tMongoConnection.lvclass:_checkConnection.vi->lvMongoDriver.lvlib:tMongoConnection.lvclass:InsertMultiple.vi->lvMongoDriver.lvlib:tMongoConnection.lvclass:Insert.vi->MongoTestSuiteStart.vi->MongoTestSuiteStart.vi.ProxyCaller

Possible reason(s):

LabVIEW: (Hex 0x36) The network address is ill-formed. Make sure the address is in a valid format. For TCP/IP, the address can be either a machine name or an IP address in the form xxx.xxx.xxx.xxx. If this error occurs when specifying a machine name, make sure the machine name is valid. Try to ping the machine name. Check that you have a DNS server properly configured. If you are using the TCP Open Connection function, ensure that the value of the remote port or service name is not 0.


<b>Complete call chain:</b>
     lvMongoDriver.lvlib:tMongoConnection.lvclass:_attemptConnection.vi
     lvMongoDriver.lvlib:tMongoConnection.lvclass:RefreshConnection.vi
     lvMongoDriver.lvlib:tMongoConnection.lvclass:_checkConnection.vi
     lvMongoDriver.lvlib:tMongoConnection.lvclass:InsertMultiple.vi
     lvMongoDriver.lvlib:tMongoConnection.lvclass:Insert.vi
     MongoTestSuiteStart.vi
     MongoTestSuiteStart.vi.ProxyCaller_*>
<*_12:51:43_Test Loop Init : OK
Installed Distributions: 

NI LabVIEW Run-Time Engine 2011 SP1 - Version: 11.1.0.0
Path: \\in-ban-argo.natinst.com\NISoftwareReleased\Windows\Distributions\LabVIEW Add-ons\Run-Time Engine\2011\11.1.0\32-bit\standard\

NI LabVIEW Run-Time Engine 2013 - Version: 13.0.0.0
Path: \\in-ban-argo.natinst.com\NISoftwareReleased\Windows\Distributions\LabVIEW Add-ons\Run-Time Engine\2013\13.0.0\32-bit\standard\

NI LabVIEW Run-Time Engine 8.5 - Version: 8.5.0.0
Path: \\nibataserver\LV RT Utilities\RTE\8.5\

NI LabVIEW 8.2.1 Runtime Engine - Version: 8.2.1.0
Path: \\in-ban-argo.natinst.com\NISoftwareReleased\Windows\Distributions\LabVIEW Add-ons\Run-Time Engine\8.2\8.2.1\English\Daily\20070327_1819\

NI LabVIEW Run-Time Engine 2009 - Version: 9.0.0.0
Path: \\nibataserver\LV RT Utilities\RTE\9.0\
_*>
<*_12:51:43_Test Loop Begin : OK
Current Test: NetworkStream\Test_NetworkStream_Sweep_BufferSize.vi:_*>
<*_12:51:43_Load Test Config : OK_*>
<*_12:51:43_Config Cycle Begin : OK_*>
<*_12:51:43_Find Targets : OK_*>
<*_12:51:43_Case Cycle Init : OK_*>
<*_12:51:43_Case Cycle Begin : OK_*>
<*_12:51:43_Test Iteration Begin : OK_*>
<*_12:51:44_Configure Target SW : OK

_*>
<*_12:51:44_Configure Target : OK_*>
<*_12:51:44_Read Volatile Target Info : OK_*>
<*_12:51:44_Load Dependencies : OK_*>
<*_12:52:12_Run Dependencies : OK_*>
<*_12:52:49_Run Test : OK
NetworkStream\Test_NetworkStream_Sweep_BufferSize.vi: Passed
Connector Pane Used: STR-Performance_Error_Param
_*>
<*_12:52:49_Run Post VI : OK_*>
<*_12:52:49_Unload Depend. : OK_*>
<*_12:52:49_Detailed Report : OK_*>
<*_12:52:49_Summary : OK_*>
<*_12:52:53_Mongodb warning: 
Run MongoTestResult.vi/MongoMetrics.vi error -8007: lvMongoDriver.lvlib:tMongoConnection.lvclass:_attemptConnection.vi<ERR>
Attempted to contact master but was unsuccessful.  Check your hostnames, or retry again later.

Error for host (rtdata2):
Error 54 occurred at TCP Open Connection in lvMongoDriver.lvlib:tMongoConnection.lvclass:_tryNode.vi:1160001->lvMongoDriver.lvlib:tMongoConnection.lvclass:_attemptConnection.vi->lvMongoDriver.lvlib:tMongoConnection.lvclass:Open.vi->MongoTestResultInsert.vi->MongoTestResultInsert.vi.ProxyCaller

Possible reason(s):

LabVIEW: (Hex 0x36) The network address is ill-formed. Make sure the address is in a valid format. For TCP/IP, the address can be either a machine name or an IP address in the form xxx.xxx.xxx.xxx. If this error occurs when specifying a machine name, make sure the machine name is valid. Try to ping the machine name. Check that you have a DNS server properly configured. If you are using the TCP Open Connection function, ensure that the value of the remote port or service name is not 0.


<b>Complete call chain:</b>
     lvMongoDriver.lvlib:tMongoConnection.lvclass:_attemptConnection.vi
     lvMongoDriver.lvlib:tMongoConnection.lvclass:Open.vi
     MongoTestResultInsert.vi
     MongoTestResultInsert.vi.ProxyCaller_*>
<*_12:52:53_Test Iteration End : OK_*>
<*_12:52:53_Test Iteration Reports : OK_*>
<*_12:52:53_Case Cycle End : OK_*>
<*_12:52:53_Config Cycle Begin : OK_*>
<*_12:52:53_Find Targets : OK_*>
<*_12:52:53_Case Cycle Init : OK_*>
<*_12:52:53_Case Cycle Begin : OK_*>
<*_12:52:53_Test Iteration Begin : OK_*>
<*_12:52:53_Configure Target SW : OK

_*>
<*_12:52:53_Configure Target : OK_*>
<*_12:52:53_Read Volatile Target Info : OK_*>
<*_12:52:53_Load Dependencies : OK_*>
<*_12:53:20_Run Dependencies : OK_*>
<*_12:53:51_Run Test : OK
NetworkStream\Test_NetworkStream_Sweep_BufferSize.vi: Passed
Connector Pane Used: STR-Performance_Error_Param
_*>
<*_12:53:52_Run Post VI : OK_*>
<*_12:53:52_Unload Depend. : OK_*>
<*_12:53:52_Detailed Report : OK_*>
<*_12:53:52_Summary : OK_*>
<*_12:53:56_Mongodb warning: 
Run MongoTestResult.vi/MongoMetrics.vi error -8007: lvMongoDriver.lvlib:tMongoConnection.lvclass:_attemptConnection.vi<ERR>
Attempted to contact master but was unsuccessful.  Check your hostnames, or retry again later.

Error for host (rtdata2):
Error 54 occurred at TCP Open Connection in lvMongoDriver.lvlib:tMongoConnection.lvclass:_tryNode.vi:1160001->lvMongoDriver.lvlib:tMongoConnection.lvclass:_attemptConnection.vi->lvMongoDriver.lvlib:tMongoConnection.lvclass:Open.vi->MongoTestResultInsert.vi->MongoTestResultInsert.vi.ProxyCaller

Possible reason(s):

LabVIEW: (Hex 0x36) The network address is ill-formed. Make sure the address is in a valid format. For TCP/IP, the address can be either a machine name or an IP address in the form xxx.xxx.xxx.xxx. If this error occurs when specifying a machine name, make sure the machine name is valid. Try to ping the machine name. Check that you have a DNS server properly configured. If you are using the TCP Open Connection function, ensure that the value of the remote port or service name is not 0.


<b>Complete call chain:</b>
     lvMongoDriver.lvlib:tMongoConnection.lvclass:_attemptConnection.vi
     lvMongoDriver.lvlib:tMongoConnection.lvclass:Open.vi
     MongoTestResultInsert.vi
     MongoTestResultInsert.vi.ProxyCaller_*>
<*_12:53:56_Test Iteration End : OK_*>
<*_12:53:56_Test Iteration Reports : OK_*>
<*_12:53:56_Case Cycle End : OK_*>
<*_12:53:56_Test Loop End : OK_*>
<*_12:53:56_Test Loop Begin : OK
Current Test: NetworkStream\Test_NetworkStream_Sweep_BufferSize_SMP.vi:_*>
<*_12:53:56_Load Test Config : OK_*>
<*_12:53:56_Config Cycle Begin : OK_*>
<*_12:53:56_Find Targets : OK_*>
<*_12:53:56_Case Cycle Init : OK_*>
<*_12:53:56_Case Cycle Begin : OK_*>
<*_12:53:56_Test Iteration Begin : OK_*>
<*_12:53:56_Configure Target SW : OK

_*>
<*_12:53:56_Configure Target : OK_*>
<*_12:53:56_Read Volatile Target Info : OK_*>
<*_12:53:56_Load Dependencies : OK_*>
<*_12:54:19_Run Dependencies : OK_*>
<*_12:54:56_Run Test : OK
NetworkStream\Test_NetworkStream_Sweep_BufferSize_SMP.vi: Passed
Connector Pane Used: STR-Performance_Error_Param
_*>
<*_12:54:57_Run Post VI : OK_*>
<*_12:54:57_Unload Depend. : OK_*>
<*_12:54:57_Detailed Report : OK_*>
<*_12:54:57_Summary : OK_*>
<*_12:55:01_Mongodb warning: 
Run MongoTestResult.vi/MongoMetrics.vi error -8007: lvMongoDriver.lvlib:tMongoConnection.lvclass:_attemptConnection.vi<ERR>
Attempted to contact master but was unsuccessful.  Check your hostnames, or retry again later.

Error for host (rtdata2):
Error 54 occurred at TCP Open Connection in lvMongoDriver.lvlib:tMongoConnection.lvclass:_tryNode.vi:1160001->lvMongoDriver.lvlib:tMongoConnection.lvclass:_attemptConnection.vi->lvMongoDriver.lvlib:tMongoConnection.lvclass:Open.vi->MongoTestResultInsert.vi->MongoTestResultInsert.vi.ProxyCaller

Possible reason(s):

LabVIEW: (Hex 0x36) The network address is ill-formed. Make sure the address is in a valid format. For TCP/IP, the address can be either a machine name or an IP address in the form xxx.xxx.xxx.xxx. If this error occurs when specifying a machine name, make sure the machine name is valid. Try to ping the machine name. Check that you have a DNS server properly configured. If you are using the TCP Open Connection function, ensure that the value of the remote port or service name is not 0.


<b>Complete call chain:</b>
     lvMongoDriver.lvlib:tMongoConnection.lvclass:_attemptConnection.vi
     lvMongoDriver.lvlib:tMongoConnection.lvclass:Open.vi
     MongoTestResultInsert.vi
     MongoTestResultInsert.vi.ProxyCaller_*>
<*_12:55:01_Test Iteration End : OK_*>
<*_12:55:01_Test Iteration Reports : OK_*>
<*_12:55:01_Case Cycle End : OK_*>
<*_12:55:01_Config Cycle Begin : OK_*>
<*_12:55:01_Find Targets : OK_*>
<*_12:55:01_Case Cycle Init : OK_*>
<*_12:55:01_Case Cycle Begin : OK_*>
<*_12:55:01_Test Iteration Begin : OK_*>
<*_12:55:01_Configure Target SW : OK

_*>
<*_12:55:01_Configure Target : OK_*>
<*_12:55:01_Read Volatile Target Info : OK_*>
<*_12:55:01_Load Dependencies : OK_*>
<*_12:55:29_Run Dependencies : OK_*>
<*_12:56:00_Run Test : OK
NetworkStream\Test_NetworkStream_Sweep_BufferSize_SMP.vi: Passed
Connector Pane Used: STR-Performance_Error_Param
_*>
<*_12:56:00_Run Post VI : OK_*>
<*_12:56:01_Unload Depend. : OK_*>
<*_12:56:01_Detailed Report : OK_*>
<*_12:56:01_Summary : OK_*>
<*_12:56:05_Mongodb warning: 
Run MongoTestResult.vi/MongoMetrics.vi error -8007: lvMongoDriver.lvlib:tMongoConnection.lvclass:_attemptConnection.vi<ERR>
Attempted to contact master but was unsuccessful.  Check your hostnames, or retry again later.

Error for host (rtdata2):
Error 54 occurred at TCP Open Connection in lvMongoDriver.lvlib:tMongoConnection.lvclass:_tryNode.vi:1160001->lvMongoDriver.lvlib:tMongoConnection.lvclass:_attemptConnection.vi->lvMongoDriver.lvlib:tMongoConnection.lvclass:Open.vi->MongoTestResultInsert.vi->MongoTestResultInsert.vi.ProxyCaller

Possible reason(s):

LabVIEW: (Hex 0x36) The network address is ill-formed. Make sure the address is in a valid format. For TCP/IP, the address can be either a machine name or an IP address in the form xxx.xxx.xxx.xxx. If this error occurs when specifying a machine name, make sure the machine name is valid. Try to ping the machine name. Check that you have a DNS server properly configured. If you are using the TCP Open Connection function, ensure that the value of the remote port or service name is not 0.


<b>Complete call chain:</b>
     lvMongoDriver.lvlib:tMongoConnection.lvclass:_attemptConnection.vi
     lvMongoDriver.lvlib:tMongoConnection.lvclass:Open.vi
     MongoTestResultInsert.vi
     MongoTestResultInsert.vi.ProxyCaller_*>
<*_12:56:05_Test Iteration End : OK_*>
<*_12:56:05_Test Iteration Reports : OK_*>
<*_12:56:05_Case Cycle End : OK_*>
<*_12:56:05_Test Loop End : OK_*>
<*_12:56:05_Test Loop Begin : OK
Current Test: NetworkStream\Test_NetworkStream_Sweep_NumElements.vi:_*>
<*_12:56:05_Load Test Config : OK_*>
<*_12:56:05_Config Cycle Begin : OK_*>
<*_12:56:05_Find Targets : OK_*>
<*_12:56:05_Case Cycle Init : OK_*>
<*_12:56:05_Case Cycle Begin : OK_*>
<*_12:56:05_Test Iteration Begin : OK_*>
<*_12:56:05_Configure Target SW : OK

_*>
<*_12:56:05_Configure Target : OK_*>
<*_12:56:05_Read Volatile Target Info : OK_*>
<*_12:56:05_Load Dependencies : OK_*>
<*_12:56:28_Run Dependencies : OK_*>
<*_12:57:05_Run Test : OK
NetworkStream\Test_NetworkStream_Sweep_NumElements.vi: Passed
Connector Pane Used: STR-Performance_Error_Param
_*>
<*_12:57:05_Run Post VI : OK_*>
<*_12:57:05_Unload Depend. : OK_*>
<*_12:57:05_Detailed Report : OK_*>
<*_12:57:05_Summary : OK_*>
<*_12:57:09_Mongodb warning: 
Run MongoTestResult.vi/MongoMetrics.vi error -8007: lvMongoDriver.lvlib:tMongoConnection.lvclass:_attemptConnection.vi<ERR>
Attempted to contact master but was unsuccessful.  Check your hostnames, or retry again later.

Error for host (rtdata2):
Error 54 occurred at TCP Open Connection in lvMongoDriver.lvlib:tMongoConnection.lvclass:_tryNode.vi:1160001->lvMongoDriver.lvlib:tMongoConnection.lvclass:_attemptConnection.vi->lvMongoDriver.lvlib:tMongoConnection.lvclass:Open.vi->MongoTestResultInsert.vi->MongoTestResultInsert.vi.ProxyCaller

Possible reason(s):

LabVIEW: (Hex 0x36) The network address is ill-formed. Make sure the address is in a valid format. For TCP/IP, the address can be either a machine name or an IP address in the form xxx.xxx.xxx.xxx. If this error occurs when specifying a machine name, make sure the machine name is valid. Try to ping the machine name. Check that you have a DNS server properly configured. If you are using the TCP Open Connection function, ensure that the value of the remote port or service name is not 0.


<b>Complete call chain:</b>
     lvMongoDriver.lvlib:tMongoConnection.lvclass:_attemptConnection.vi
     lvMongoDriver.lvlib:tMongoConnection.lvclass:Open.vi
     MongoTestResultInsert.vi
     MongoTestResultInsert.vi.ProxyCaller_*>
<*_12:57:09_Test Iteration End : OK_*>
<*_12:57:09_Test Iteration Reports : OK_*>
<*_12:57:09_Case Cycle End : OK_*>
<*_12:57:09_Config Cycle Begin : OK_*>
<*_12:57:09_Find Targets : OK_*>
<*_12:57:09_Case Cycle Init : OK_*>
<*_12:57:09_Case Cycle Begin : OK_*>
<*_12:57:09_Test Iteration Begin : OK_*>
<*_12:57:09_Configure Target SW : OK

_*>
<*_12:57:09_Configure Target : OK_*>
<*_12:57:09_Read Volatile Target Info : OK_*>
<*_12:57:09_Load Dependencies : OK_*>
<*_12:57:36_Run Dependencies : OK_*>
<*_12:58:07_Run Test : OK
NetworkStream\Test_NetworkStream_Sweep_NumElements.vi: Passed
Connector Pane Used: STR-Performance_Error_Param
_*>
<*_12:58:08_Run Post VI : OK_*>
<*_12:58:08_Unload Depend. : OK_*>
<*_12:58:08_Detailed Report : OK_*>
<*_12:58:09_Summary : OK_*>
<*_12:58:12_Mongodb warning: 
Run MongoTestResult.vi/MongoMetrics.vi error -8007: lvMongoDriver.lvlib:tMongoConnection.lvclass:_attemptConnection.vi<ERR>
Attempted to contact master but was unsuccessful.  Check your hostnames, or retry again later.

Error for host (rtdata2):
Error 54 occurred at TCP Open Connection in lvMongoDriver.lvlib:tMongoConnection.lvclass:_tryNode.vi:1160001->lvMongoDriver.lvlib:tMongoConnection.lvclass:_attemptConnection.vi->lvMongoDriver.lvlib:tMongoConnection.lvclass:Open.vi->MongoTestResultInsert.vi->MongoTestResultInsert.vi.ProxyCaller

Possible reason(s):

LabVIEW: (Hex 0x36) The network address is ill-formed. Make sure the address is in a valid format. For TCP/IP, the address can be either a machine name or an IP address in the form xxx.xxx.xxx.xxx. If this error occurs when specifying a machine name, make sure the machine name is valid. Try to ping the machine name. Check that you have a DNS server properly configured. If you are using the TCP Open Connection function, ensure that the value of the remote port or service name is not 0.


<b>Complete call chain:</b>
     lvMongoDriver.lvlib:tMongoConnection.lvclass:_attemptConnection.vi
     lvMongoDriver.lvlib:tMongoConnection.lvclass:Open.vi
     MongoTestResultInsert.vi
     MongoTestResultInsert.vi.ProxyCaller_*>
<*_12:58:12_Test Iteration End : OK_*>
<*_12:58:12_Test Iteration Reports : OK_*>
<*_12:58:12_Case Cycle End : OK_*>
<*_12:58:12_Test Loop End : OK_*>
<*_12:58:12_Test Loop Begin : OK
Current Test: NetworkStream\Test_NetworkStream_Sweep_NumElements_SMP.vi:_*>
<*_12:58:12_Load Test Config : OK_*>
<*_12:58:12_Config Cycle Begin : OK_*>
<*_12:58:12_Find Targets : OK_*>
<*_12:58:12_Case Cycle Init : OK_*>
<*_12:58:12_Case Cycle Begin : OK_*>
<*_12:58:12_Test Iteration Begin : OK_*>
<*_12:58:12_Configure Target SW : OK

_*>
<*_12:58:12_Configure Target : OK_*>
<*_12:58:12_Read Volatile Target Info : OK_*>
<*_12:58:12_Load Dependencies : OK_*>
<*_12:58:36_Run Dependencies : OK_*>
<*_12:59:13_Run Test : OK
NetworkStream\Test_NetworkStream_Sweep_NumElements_SMP.vi: Passed
Connector Pane Used: STR-Performance_Error_Param
_*>
<*_12:59:13_Run Post VI : OK_*>
<*_12:59:13_Unload Depend. : OK_*>
<*_12:59:14_Detailed Report : OK_*>
<*_12:59:14_Summary : OK_*>
<*_12:59:17_Mongodb warning: 
Run MongoTestResult.vi/MongoMetrics.vi error -8007: lvMongoDriver.lvlib:tMongoConnection.lvclass:_attemptConnection.vi<ERR>
Attempted to contact master but was unsuccessful.  Check your hostnames, or retry again later.

Error for host (rtdata2):
Error 54 occurred at TCP Open Connection in lvMongoDriver.lvlib:tMongoConnection.lvclass:_tryNode.vi:1160001->lvMongoDriver.lvlib:tMongoConnection.lvclass:_attemptConnection.vi->lvMongoDriver.lvlib:tMongoConnection.lvclass:Open.vi->MongoTestResultInsert.vi->MongoTestResultInsert.vi.ProxyCaller

Possible reason(s):

LabVIEW: (Hex 0x36) The network address is ill-formed. Make sure the address is in a valid format. For TCP/IP, the address can be either a machine name or an IP address in the form xxx.xxx.xxx.xxx. If this error occurs when specifying a machine name, make sure the machine name is valid. Try to ping the machine name. Check that you have a DNS server properly configured. If you are using the TCP Open Connection function, ensure that the value of the remote port or service name is not 0.


<b>Complete call chain:</b>
     lvMongoDriver.lvlib:tMongoConnection.lvclass:_attemptConnection.vi
     lvMongoDriver.lvlib:tMongoConnection.lvclass:Open.vi
     MongoTestResultInsert.vi
     MongoTestResultInsert.vi.ProxyCaller_*>
<*_12:59:17_Test Iteration End : OK_*>
<*_12:59:18_Test Iteration Reports : OK_*>
<*_12:59:18_Case Cycle End : OK_*>
<*_12:59:18_Config Cycle Begin : OK_*>
<*_12:59:18_Find Targets : OK_*>
<*_12:59:18_Case Cycle Init : OK_*>
<*_12:59:18_Case Cycle Begin : OK_*>
<*_12:59:18_Test Iteration Begin : OK_*>
<*_12:59:18_Configure Target SW : OK

_*>
<*_12:59:18_Configure Target : OK_*>
<*_12:59:18_Read Volatile Target Info : OK_*>
<*_12:59:18_Load Dependencies : OK_*>
<*_12:59:45_Run Dependencies : OK_*>
<*_13:00:16_Run Test : OK
NetworkStream\Test_NetworkStream_Sweep_NumElements_SMP.vi: Passed
Connector Pane Used: STR-Performance_Error_Param
_*>
<*_13:00:17_Run Post VI : OK_*>
<*_13:00:17_Unload Depend. : OK_*>
<*_13:00:17_Detailed Report : OK_*>
<*_13:00:17_Summary : OK_*>
<*_13:00:21_Mongodb warning: 
Run MongoTestResult.vi/MongoMetrics.vi error -8007: lvMongoDriver.lvlib:tMongoConnection.lvclass:_attemptConnection.vi<ERR>
Attempted to contact master but was unsuccessful.  Check your hostnames, or retry again later.

Error for host (rtdata2):
Error 54 occurred at TCP Open Connection in lvMongoDriver.lvlib:tMongoConnection.lvclass:_tryNode.vi:1160001->lvMongoDriver.lvlib:tMongoConnection.lvclass:_attemptConnection.vi->lvMongoDriver.lvlib:tMongoConnection.lvclass:Open.vi->MongoTestResultInsert.vi->MongoTestResultInsert.vi.ProxyCaller

Possible reason(s):

LabVIEW: (Hex 0x36) The network address is ill-formed. Make sure the address is in a valid format. For TCP/IP, the address can be either a machine name or an IP address in the form xxx.xxx.xxx.xxx. If this error occurs when specifying a machine name, make sure the machine name is valid. Try to ping the machine name. Check that you have a DNS server properly configured. If you are using the TCP Open Connection function, ensure that the value of the remote port or service name is not 0.


<b>Complete call chain:</b>
     lvMongoDriver.lvlib:tMongoConnection.lvclass:_attemptConnection.vi
     lvMongoDriver.lvlib:tMongoConnection.lvclass:Open.vi
     MongoTestResultInsert.vi
     MongoTestResultInsert.vi.ProxyCaller_*>
<*_13:00:21_Test Iteration End : OK_*>
<*_13:00:21_Test Iteration Reports : OK_*>
<*_13:00:21_Case Cycle End : OK_*>
<*_13:00:21_Test Loop End : OK_*>
<*_13:00:21_Test Loop Begin : OK
Current Test: NetworkStream\Test_NetworkStream_Throughput.vi:_*>
<*_13:00:21_Load Test Config : OK_*>
<*_13:00:21_Config Cycle Begin : OK_*>
<*_13:00:21_Find Targets : OK_*>
<*_13:00:21_Case Cycle Init : OK_*>
<*_13:00:21_Case Cycle Begin : OK_*>
<*_13:00:21_Test Iteration Begin : OK_*>
<*_13:00:21_Configure Target SW : OK

_*>
<*_13:00:21_Configure Target : OK_*>
<*_13:00:21_Read Volatile Target Info : OK_*>
<*_13:00:21_Load Dependencies : OK_*>
<*_13:00:45_Run Dependencies : OK_*>
<*_13:00:55_Run Test : OK
NetworkStream\Test_NetworkStream_Throughput.vi: Passed
Connector Pane Used: STR-Performance_Error_Param
_*>
<*_13:00:56_Run Post VI : OK_*>
<*_13:00:56_Unload Depend. : OK_*>
<*_13:00:56_Detailed Report : OK_*>
<*_13:00:56_Summary : OK_*>
<*_13:00:59_Mongodb warning: 
Run MongoTestResult.vi/MongoMetrics.vi error -8007: lvMongoDriver.lvlib:tMongoConnection.lvclass:_attemptConnection.vi<ERR>
Attempted to contact master but was unsuccessful.  Check your hostnames, or retry again later.

Error for host (rtdata2):
Error 54 occurred at TCP Open Connection in lvMongoDriver.lvlib:tMongoConnection.lvclass:_tryNode.vi:1160001->lvMongoDriver.lvlib:tMongoConnection.lvclass:_attemptConnection.vi->lvMongoDriver.lvlib:tMongoConnection.lvclass:Open.vi->MongoTestResultInsert.vi->MongoTestResultInsert.vi.ProxyCaller

Possible reason(s):

LabVIEW: (Hex 0x36) The network address is ill-formed. Make sure the address is in a valid format. For TCP/IP, the address can be either a machine name or an IP address in the form xxx.xxx.xxx.xxx. If this error occurs when specifying a machine name, make sure the machine name is valid. Try to ping the machine name. Check that you have a DNS server properly configured. If you are using the TCP Open Connection function, ensure that the value of the remote port or service name is not 0.


<b>Complete call chain:</b>
     lvMongoDriver.lvlib:tMongoConnection.lvclass:_attemptConnection.vi
     lvMongoDriver.lvlib:tMongoConnection.lvclass:Open.vi
     MongoTestResultInsert.vi
     MongoTestResultInsert.vi.ProxyCaller_*>
<*_13:00:59_Test Iteration End : OK_*>
<*_13:01:00_Test Iteration Reports : OK_*>
<*_13:01:00_Case Cycle End : OK_*>
<*_13:01:00_Config Cycle Begin : OK_*>
<*_13:01:00_Find Targets : OK_*>
<*_13:01:00_Case Cycle Init : OK_*>
<*_13:01:00_Case Cycle Begin : OK_*>
<*_13:01:00_Test Iteration Begin : OK_*>
<*_13:01:00_Configure Target SW : OK

_*>
<*_13:01:00_Configure Target : OK_*>
<*_13:01:00_Read Volatile Target Info : OK_*>
<*_13:01:00_Load Dependencies : OK_*>
<*_13:01:26_Run Dependencies : OK_*>
<*_13:01:32_Run Test : OK
NetworkStream\Test_NetworkStream_Throughput.vi: Passed
Connector Pane Used: STR-Performance_Error_Param
_*>
<*_13:01:33_Run Post VI : OK_*>
<*_13:01:33_Unload Depend. : OK_*>
<*_13:01:33_Detailed Report : OK_*>
<*_13:01:33_Summary : OK_*>
<*_13:01:37_Mongodb warning: 
Run MongoTestResult.vi/MongoMetrics.vi error -8007: lvMongoDriver.lvlib:tMongoConnection.lvclass:_attemptConnection.vi<ERR>
Attempted to contact master but was unsuccessful.  Check your hostnames, or retry again later.

Error for host (rtdata2):
Error 54 occurred at TCP Open Connection in lvMongoDriver.lvlib:tMongoConnection.lvclass:_tryNode.vi:1160001->lvMongoDriver.lvlib:tMongoConnection.lvclass:_attemptConnection.vi->lvMongoDriver.lvlib:tMongoConnection.lvclass:Open.vi->MongoTestResultInsert.vi->MongoTestResultInsert.vi.ProxyCaller

Possible reason(s):

LabVIEW: (Hex 0x36) The network address is ill-formed. Make sure the address is in a valid format. For TCP/IP, the address can be either a machine name or an IP address in the form xxx.xxx.xxx.xxx. If this error occurs when specifying a machine name, make sure the machine name is valid. Try to ping the machine name. Check that you have a DNS server properly configured. If you are using the TCP Open Connection function, ensure that the value of the remote port or service name is not 0.


<b>Complete call chain:</b>
     lvMongoDriver.lvlib:tMongoConnection.lvclass:_attemptConnection.vi
     lvMongoDriver.lvlib:tMongoConnection.lvclass:Open.vi
     MongoTestResultInsert.vi
     MongoTestResultInsert.vi.ProxyCaller_*>
<*_13:01:37_Test Iteration End : OK_*>
<*_13:01:37_Test Iteration Reports : OK_*>
<*_13:01:37_Case Cycle End : OK_*>
<*_13:01:37_Test Loop End : OK_*>
<*_13:01:37_Test Loop Begin : OK
Current Test: NetworkStream\Test_NetworkStream_Throughput_SMP.vi:_*>
<*_13:01:37_Load Test Config : OK_*>
<*_13:01:37_Config Cycle Begin : OK_*>
<*_13:01:37_Find Targets : OK_*>
<*_13:01:37_Case Cycle Init : OK_*>
<*_13:01:37_Case Cycle Begin : OK_*>
<*_13:01:37_Test Iteration Begin : OK_*>
<*_13:01:37_Configure Target SW : OK

_*>
<*_13:01:37_Configure Target : OK_*>
<*_13:01:37_Read Volatile Target Info : OK_*>
<*_13:01:37_Load Dependencies : OK_*>
<*_13:02:00_Run Dependencies : OK_*>
<*_13:02:12_Run Test : OK
NetworkStream\Test_NetworkStream_Throughput_SMP.vi: Passed
Connector Pane Used: STR-Performance_Error_Param
_*>
<*_13:02:12_Run Post VI : OK_*>
<*_13:02:12_Unload Depend. : OK_*>
<*_13:02:13_Detailed Report : OK_*>
<*_13:02:13_Summary : OK_*>
<*_13:02:16_Mongodb warning: 
Run MongoTestResult.vi/MongoMetrics.vi error -8007: lvMongoDriver.lvlib:tMongoConnection.lvclass:_attemptConnection.vi<ERR>
Attempted to contact master but was unsuccessful.  Check your hostnames, or retry again later.

Error for host (rtdata2):
Error 54 occurred at TCP Open Connection in lvMongoDriver.lvlib:tMongoConnection.lvclass:_tryNode.vi:1160001->lvMongoDriver.lvlib:tMongoConnection.lvclass:_attemptConnection.vi->lvMongoDriver.lvlib:tMongoConnection.lvclass:Open.vi->MongoTestResultInsert.vi->MongoTestResultInsert.vi.ProxyCaller

Possible reason(s):

LabVIEW: (Hex 0x36) The network address is ill-formed. Make sure the address is in a valid format. For TCP/IP, the address can be either a machine name or an IP address in the form xxx.xxx.xxx.xxx. If this error occurs when specifying a machine name, make sure the machine name is valid. Try to ping the machine name. Check that you have a DNS server properly configured. If you are using the TCP Open Connection function, ensure that the value of the remote port or service name is not 0.


<b>Complete call chain:</b>
     lvMongoDriver.lvlib:tMongoConnection.lvclass:_attemptConnection.vi
     lvMongoDriver.lvlib:tMongoConnection.lvclass:Open.vi
     MongoTestResultInsert.vi
     MongoTestResultInsert.vi.ProxyCaller_*>
<*_13:02:16_Test Iteration End : OK_*>
<*_13:02:16_Test Iteration Reports : OK_*>
<*_13:02:16_Case Cycle End : OK_*>
<*_13:02:16_Config Cycle Begin : OK_*>
<*_13:02:16_Find Targets : OK_*>
<*_13:02:16_Case Cycle Init : OK_*>
<*_13:02:16_Case Cycle Begin : OK_*>
<*_13:02:16_Test Iteration Begin : OK_*>
<*_13:02:16_Configure Target SW : OK

_*>
<*_13:02:16_Configure Target : OK_*>
<*_13:02:16_Read Volatile Target Info : OK_*>
<*_13:02:16_Load Dependencies : OK_*>
<*_13:02:44_Run Dependencies : OK_*>
<*_13:02:50_Run Test : OK
NetworkStream\Test_NetworkStream_Throughput_SMP.vi: Passed
Connector Pane Used: STR-Performance_Error_Param
_*>
<*_13:02:50_Run Post VI : OK_*>
<*_13:02:51_Unload Depend. : OK_*>
<*_13:02:51_Detailed Report : OK_*>
<*_13:02:51_Summary : OK_*>
<*_13:02:54_Mongodb warning: 
Run MongoTestResult.vi/MongoMetrics.vi error -8007: lvMongoDriver.lvlib:tMongoConnection.lvclass:_attemptConnection.vi<ERR>
Attempted to contact master but was unsuccessful.  Check your hostnames, or retry again later.

Error for host (rtdata2):
Error 54 occurred at TCP Open Connection in lvMongoDriver.lvlib:tMongoConnection.lvclass:_tryNode.vi:1160001->lvMongoDriver.lvlib:tMongoConnection.lvclass:_attemptConnection.vi->lvMongoDriver.lvlib:tMongoConnection.lvclass:Open.vi->MongoTestResultInsert.vi->MongoTestResultInsert.vi.ProxyCaller

Possible reason(s):

LabVIEW: (Hex 0x36) The network address is ill-formed. Make sure the address is in a valid format. For TCP/IP, the address can be either a machine name or an IP address in the form xxx.xxx.xxx.xxx. If this error occurs when specifying a machine name, make sure the machine name is valid. Try to ping the machine name. Check that you have a DNS server properly configured. If you are using the TCP Open Connection function, ensure that the value of the remote port or service name is not 0.


<b>Complete call chain:</b>
     lvMongoDriver.lvlib:tMongoConnection.lvclass:_attemptConnection.vi
     lvMongoDriver.lvlib:tMongoConnection.lvclass:Open.vi
     MongoTestResultInsert.vi
     MongoTestResultInsert.vi.ProxyCaller_*>
<*_13:02:54_Test Iteration End : OK_*>
<*_13:02:55_Test Iteration Reports : OK_*>
<*_13:02:55_Case Cycle End : OK_*>
<*_13:02:55_Test Loop End : OK_*>
<*_13:02:55_Test Loop Begin : OK
Current Test: TCP\Test_TCP_Sweep_NumElements.vi:_*>
<*_13:02:55_Load Test Config : OK_*>
<*_13:02:55_Config Cycle Begin : OK_*>
<*_13:02:55_Find Targets : OK_*>
<*_13:02:55_Case Cycle Init : OK_*>
<*_13:02:55_Case Cycle Begin : OK_*>
<*_13:02:55_Test Iteration Begin : OK_*>
<*_13:02:55_Configure Target SW : OK

_*>
<*_13:02:55_Configure Target : OK_*>
<*_13:02:55_Read Volatile Target Info : OK_*>
<*_13:02:55_Load Dependencies : OK_*>
<*_13:03:18_Run Dependencies : OK_*>
<*_13:03:55_Run Test : OK
TCP\Test_TCP_Sweep_NumElements.vi: Passed
Connector Pane Used: STR-Performance_Error_Param
_*>
<*_13:03:55_Run Post VI : OK_*>
<*_13:03:55_Unload Depend. : OK_*>
<*_13:03:55_Detailed Report : OK_*>
<*_13:03:55_Summary : OK_*>
<*_13:03:59_Mongodb warning: 
Run MongoTestResult.vi/MongoMetrics.vi error -8007: lvMongoDriver.lvlib:tMongoConnection.lvclass:_attemptConnection.vi<ERR>
Attempted to contact master but was unsuccessful.  Check your hostnames, or retry again later.

Error for host (rtdata2):
Error 54 occurred at TCP Open Connection in lvMongoDriver.lvlib:tMongoConnection.lvclass:_tryNode.vi:1160001->lvMongoDriver.lvlib:tMongoConnection.lvclass:_attemptConnection.vi->lvMongoDriver.lvlib:tMongoConnection.lvclass:Open.vi->MongoTestResultInsert.vi->MongoTestResultInsert.vi.ProxyCaller

Possible reason(s):

LabVIEW: (Hex 0x36) The network address is ill-formed. Make sure the address is in a valid format. For TCP/IP, the address can be either a machine name or an IP address in the form xxx.xxx.xxx.xxx. If this error occurs when specifying a machine name, make sure the machine name is valid. Try to ping the machine name. Check that you have a DNS server properly configured. If you are using the TCP Open Connection function, ensure that the value of the remote port or service name is not 0.


<b>Complete call chain:</b>
     lvMongoDriver.lvlib:tMongoConnection.lvclass:_attemptConnection.vi
     lvMongoDriver.lvlib:tMongoConnection.lvclass:Open.vi
     MongoTestResultInsert.vi
     MongoTestResultInsert.vi.ProxyCaller_*>
<*_13:03:59_Test Iteration End : OK_*>
<*_13:03:59_Test Iteration Reports : OK_*>
<*_13:03:59_Case Cycle End : OK_*>
<*_13:03:59_Config Cycle Begin : OK_*>
<*_13:03:59_Find Targets : OK_*>
<*_13:03:59_Case Cycle Init : OK_*>
<*_13:03:59_Case Cycle Begin : OK_*>
<*_13:03:59_Test Iteration Begin : OK_*>
<*_13:03:59_Configure Target SW : OK

_*>
<*_13:03:59_Configure Target : OK_*>
<*_13:03:59_Read Volatile Target Info : OK_*>
<*_13:03:59_Load Dependencies : OK_*>
<*_13:04:26_Run Dependencies : OK_*>
<*_13:04:57_Run Test : OK
TCP\Test_TCP_Sweep_NumElements.vi: Passed
Connector Pane Used: STR-Performance_Error_Param
_*>
<*_13:04:58_Run Post VI : OK_*>
<*_13:04:58_Unload Depend. : OK_*>
<*_13:04:58_Detailed Report : OK_*>
<*_13:04:58_Summary : OK_*>
<*_13:05:02_Mongodb warning: 
Run MongoTestResult.vi/MongoMetrics.vi error -8007: lvMongoDriver.lvlib:tMongoConnection.lvclass:_attemptConnection.vi<ERR>
Attempted to contact master but was unsuccessful.  Check your hostnames, or retry again later.

Error for host (rtdata2):
Error 54 occurred at TCP Open Connection in lvMongoDriver.lvlib:tMongoConnection.lvclass:_tryNode.vi:1160001->lvMongoDriver.lvlib:tMongoConnection.lvclass:_attemptConnection.vi->lvMongoDriver.lvlib:tMongoConnection.lvclass:Open.vi->MongoTestResultInsert.vi->MongoTestResultInsert.vi.ProxyCaller

Possible reason(s):

LabVIEW: (Hex 0x36) The network address is ill-formed. Make sure the address is in a valid format. For TCP/IP, the address can be either a machine name or an IP address in the form xxx.xxx.xxx.xxx. If this error occurs when specifying a machine name, make sure the machine name is valid. Try to ping the machine name. Check that you have a DNS server properly configured. If you are using the TCP Open Connection function, ensure that the value of the remote port or service name is not 0.


<b>Complete call chain:</b>
     lvMongoDriver.lvlib:tMongoConnection.lvclass:_attemptConnection.vi
     lvMongoDriver.lvlib:tMongoConnection.lvclass:Open.vi
     MongoTestResultInsert.vi
     MongoTestResultInsert.vi.ProxyCaller_*>
<*_13:05:02_Test Iteration End : OK_*>
<*_13:05:02_Test Iteration Reports : OK_*>
<*_13:05:02_Case Cycle End : OK_*>
<*_13:05:02_Test Loop End : OK_*>
<*_13:05:02_Test Loop Begin : OK
Current Test: TCP\Test_TCP_Sweep_NumElements_SMP.vi:_*>
<*_13:05:02_Load Test Config : OK_*>
<*_13:05:02_Config Cycle Begin : OK_*>
<*_13:05:02_Find Targets : OK_*>
<*_13:05:02_Case Cycle Init : OK_*>
<*_13:05:02_Case Cycle Begin : OK_*>
<*_13:05:02_Test Iteration Begin : OK_*>
<*_13:05:02_Configure Target SW : OK

_*>
<*_13:05:02_Configure Target : OK_*>
<*_13:05:02_Read Volatile Target Info : OK_*>
<*_13:05:02_Load Dependencies : OK_*>
<*_13:05:26_Run Dependencies : OK_*>
<*_13:06:03_Run Test : OK
TCP\Test_TCP_Sweep_NumElements_SMP.vi: Passed
Connector Pane Used: STR-Performance_Error_Param
_*>
<*_13:06:03_Run Post VI : OK_*>
<*_13:06:03_Unload Depend. : OK_*>
<*_13:06:04_Detailed Report : OK_*>
<*_13:06:04_Summary : OK_*>
<*_13:06:07_Mongodb warning: 
Run MongoTestResult.vi/MongoMetrics.vi error -8007: lvMongoDriver.lvlib:tMongoConnection.lvclass:_attemptConnection.vi<ERR>
Attempted to contact master but was unsuccessful.  Check your hostnames, or retry again later.

Error for host (rtdata2):
Error 54 occurred at TCP Open Connection in lvMongoDriver.lvlib:tMongoConnection.lvclass:_tryNode.vi:1160001->lvMongoDriver.lvlib:tMongoConnection.lvclass:_attemptConnection.vi->lvMongoDriver.lvlib:tMongoConnection.lvclass:Open.vi->MongoTestResultInsert.vi->MongoTestResultInsert.vi.ProxyCaller

Possible reason(s):

LabVIEW: (Hex 0x36) The network address is ill-formed. Make sure the address is in a valid format. For TCP/IP, the address can be either a machine name or an IP address in the form xxx.xxx.xxx.xxx. If this error occurs when specifying a machine name, make sure the machine name is valid. Try to ping the machine name. Check that you have a DNS server properly configured. If you are using the TCP Open Connection function, ensure that the value of the remote port or service name is not 0.


<b>Complete call chain:</b>
     lvMongoDriver.lvlib:tMongoConnection.lvclass:_attemptConnection.vi
     lvMongoDriver.lvlib:tMongoConnection.lvclass:Open.vi
     MongoTestResultInsert.vi
     MongoTestResultInsert.vi.ProxyCaller_*>
<*_13:06:07_Test Iteration End : OK_*>
<*_13:06:07_Test Iteration Reports : OK_*>
<*_13:06:07_Case Cycle End : OK_*>
<*_13:06:08_Config Cycle Begin : OK_*>
<*_13:06:08_Find Targets : OK_*>
<*_13:06:08_Case Cycle Init : OK_*>
<*_13:06:08_Case Cycle Begin : OK_*>
<*_13:06:08_Test Iteration Begin : OK_*>
<*_13:06:08_Configure Target SW : OK

_*>
<*_13:06:08_Configure Target : OK_*>
<*_13:06:08_Read Volatile Target Info : OK_*>
<*_13:06:08_Load Dependencies : OK_*>
<*_13:06:35_Run Dependencies : OK_*>
<*_13:07:11_Run Test : OK
TCP\Test_TCP_Sweep_NumElements_SMP.vi: Passed
Connector Pane Used: STR-Performance_Error_Param
_*>
<*_13:07:12_Run Post VI : OK_*>
<*_13:07:12_Unload Depend. : OK_*>
<*_13:07:13_Detailed Report : OK_*>
<*_13:07:13_Summary : OK_*>
<*_13:07:16_Mongodb warning: 
Run MongoTestResult.vi/MongoMetrics.vi error -8007: lvMongoDriver.lvlib:tMongoConnection.lvclass:_attemptConnection.vi<ERR>
Attempted to contact master but was unsuccessful.  Check your hostnames, or retry again later.

Error for host (rtdata2):
Error 54 occurred at TCP Open Connection in lvMongoDriver.lvlib:tMongoConnection.lvclass:_tryNode.vi:1160001->lvMongoDriver.lvlib:tMongoConnection.lvclass:_attemptConnection.vi->lvMongoDriver.lvlib:tMongoConnection.lvclass:Open.vi->MongoTestResultInsert.vi->MongoTestResultInsert.vi.ProxyCaller

Possible reason(s):

LabVIEW: (Hex 0x36) The network address is ill-formed. Make sure the address is in a valid format. For TCP/IP, the address can be either a machine name or an IP address in the form xxx.xxx.xxx.xxx. If this error occurs when specifying a machine name, make sure the machine name is valid. Try to ping the machine name. Check that you have a DNS server properly configured. If you are using the TCP Open Connection function, ensure that the value of the remote port or service name is not 0.


<b>Complete call chain:</b>
     lvMongoDriver.lvlib:tMongoConnection.lvclass:_attemptConnection.vi
     lvMongoDriver.lvlib:tMongoConnection.lvclass:Open.vi
     MongoTestResultInsert.vi
     MongoTestResultInsert.vi.ProxyCaller_*>
<*_13:07:16_Test Iteration End : OK_*>
<*_13:07:16_Test Iteration Reports : OK_*>
<*_13:07:16_Case Cycle End : OK_*>
<*_13:07:16_Test Loop End : OK_*>
<*_13:07:16_Test Loop Begin : OK
Current Test: TCP\Test_TCP_Throughput.vi:_*>
<*_13:07:16_Load Test Config : OK_*>
<*_13:07:16_Config Cycle Begin : OK_*>
<*_13:07:16_Find Targets : OK_*>
<*_13:07:16_Case Cycle Init : OK_*>
<*_13:07:16_Case Cycle Begin : OK_*>
<*_13:07:16_Test Iteration Begin : OK_*>
<*_13:07:16_Configure Target SW : OK

_*>
<*_13:07:16_Configure Target : OK_*>
<*_13:07:16_Read Volatile Target Info : OK_*>
<*_13:07:16_Load Dependencies : OK_*>
<*_13:07:40_Run Dependencies : OK_*>
<*_13:07:51_Run Test : OK
TCP\Test_TCP_Throughput.vi: Passed
Connector Pane Used: STR-Performance_Error_Param
_*>
<*_13:07:51_Run Post VI : OK_*>
<*_13:07:51_Unload Depend. : OK_*>
<*_13:07:51_Detailed Report : OK_*>
<*_13:07:51_Summary : OK_*>
<*_13:07:55_Mongodb warning: 
Run MongoTestResult.vi/MongoMetrics.vi error -8007: lvMongoDriver.lvlib:tMongoConnection.lvclass:_attemptConnection.vi<ERR>
Attempted to contact master but was unsuccessful.  Check your hostnames, or retry again later.

Error for host (rtdata2):
Error 54 occurred at TCP Open Connection in lvMongoDriver.lvlib:tMongoConnection.lvclass:_tryNode.vi:1160001->lvMongoDriver.lvlib:tMongoConnection.lvclass:_attemptConnection.vi->lvMongoDriver.lvlib:tMongoConnection.lvclass:Open.vi->MongoTestResultInsert.vi->MongoTestResultInsert.vi.ProxyCaller

Possible reason(s):

LabVIEW: (Hex 0x36) The network address is ill-formed. Make sure the address is in a valid format. For TCP/IP, the address can be either a machine name or an IP address in the form xxx.xxx.xxx.xxx. If this error occurs when specifying a machine name, make sure the machine name is valid. Try to ping the machine name. Check that you have a DNS server properly configured. If you are using the TCP Open Connection function, ensure that the value of the remote port or service name is not 0.


<b>Complete call chain:</b>
     lvMongoDriver.lvlib:tMongoConnection.lvclass:_attemptConnection.vi
     lvMongoDriver.lvlib:tMongoConnection.lvclass:Open.vi
     MongoTestResultInsert.vi
     MongoTestResultInsert.vi.ProxyCaller_*>
<*_13:07:55_Test Iteration End : OK_*>
<*_13:07:55_Test Iteration Reports : OK_*>
<*_13:07:55_Case Cycle End : OK_*>
<*_13:07:55_Config Cycle Begin : OK_*>
<*_13:07:55_Find Targets : OK_*>
<*_13:07:55_Case Cycle Init : OK_*>
<*_13:07:55_Case Cycle Begin : OK_*>
<*_13:07:55_Test Iteration Begin : OK_*>
<*_13:07:55_Configure Target SW : OK

_*>
<*_13:07:55_Configure Target : OK_*>
<*_13:07:55_Read Volatile Target Info : OK_*>
<*_13:07:55_Load Dependencies : OK_*>
<*_13:08:22_Run Dependencies : OK_*>
<*_13:08:28_Run Test : OK
TCP\Test_TCP_Throughput.vi: Passed
Connector Pane Used: STR-Performance_Error_Param
_*>
<*_13:08:29_Run Post VI : OK_*>
<*_13:08:29_Unload Depend. : OK_*>
<*_13:08:29_Detailed Report : OK_*>
<*_13:08:29_Summary : OK_*>
<*_13:08:32_Mongodb warning: 
Run MongoTestResult.vi/MongoMetrics.vi error -8007: lvMongoDriver.lvlib:tMongoConnection.lvclass:_attemptConnection.vi<ERR>
Attempted to contact master but was unsuccessful.  Check your hostnames, or retry again later.

Error for host (rtdata2):
Error 54 occurred at TCP Open Connection in lvMongoDriver.lvlib:tMongoConnection.lvclass:_tryNode.vi:1160001->lvMongoDriver.lvlib:tMongoConnection.lvclass:_attemptConnection.vi->lvMongoDriver.lvlib:tMongoConnection.lvclass:Open.vi->MongoTestResultInsert.vi->MongoTestResultInsert.vi.ProxyCaller

Possible reason(s):

LabVIEW: (Hex 0x36) The network address is ill-formed. Make sure the address is in a valid format. For TCP/IP, the address can be either a machine name or an IP address in the form xxx.xxx.xxx.xxx. If this error occurs when specifying a machine name, make sure the machine name is valid. Try to ping the machine name. Check that you have a DNS server properly configured. If you are using the TCP Open Connection function, ensure that the value of the remote port or service name is not 0.


<b>Complete call chain:</b>
     lvMongoDriver.lvlib:tMongoConnection.lvclass:_attemptConnection.vi
     lvMongoDriver.lvlib:tMongoConnection.lvclass:Open.vi
     MongoTestResultInsert.vi
     MongoTestResultInsert.vi.ProxyCaller_*>
<*_13:08:32_Test Iteration End : OK_*>
<*_13:08:33_Test Iteration Reports : OK_*>
<*_13:08:33_Case Cycle End : OK_*>
<*_13:08:33_Test Loop End : OK_*>
<*_13:08:33_Test Loop Begin : OK
Current Test: TCP\Test_TCP_Throughput_SMP.vi:_*>
<*_13:08:33_Load Test Config : OK_*>
<*_13:08:33_Config Cycle Begin : OK_*>
<*_13:08:33_Find Targets : OK_*>
<*_13:08:33_Case Cycle Init : OK_*>
<*_13:08:33_Case Cycle Begin : OK_*>
<*_13:08:33_Test Iteration Begin : OK_*>
<*_13:08:33_Configure Target SW : OK

_*>
<*_13:08:33_Configure Target : OK_*>
<*_13:08:33_Read Volatile Target Info : OK_*>
<*_13:08:33_Load Dependencies : OK_*>
<*_13:08:56_Run Dependencies : OK_*>
<*_13:09:08_Run Test : OK
TCP\Test_TCP_Throughput_SMP.vi: Passed
Connector Pane Used: STR-Performance_Error_Param
_*>
<*_13:09:08_Run Post VI : OK_*>
<*_13:09:08_Unload Depend. : OK_*>
<*_13:09:09_Detailed Report : OK_*>
<*_13:09:09_Summary : OK_*>
<*_13:09:12_Mongodb warning: 
Run MongoTestResult.vi/MongoMetrics.vi error -8007: lvMongoDriver.lvlib:tMongoConnection.lvclass:_attemptConnection.vi<ERR>
Attempted to contact master but was unsuccessful.  Check your hostnames, or retry again later.

Error for host (rtdata2):
Error 54 occurred at TCP Open Connection in lvMongoDriver.lvlib:tMongoConnection.lvclass:_tryNode.vi:1160001->lvMongoDriver.lvlib:tMongoConnection.lvclass:_attemptConnection.vi->lvMongoDriver.lvlib:tMongoConnection.lvclass:Open.vi->MongoTestResultInsert.vi->MongoTestResultInsert.vi.ProxyCaller

Possible reason(s):

LabVIEW: (Hex 0x36) The network address is ill-formed. Make sure the address is in a valid format. For TCP/IP, the address can be either a machine name or an IP address in the form xxx.xxx.xxx.xxx. If this error occurs when specifying a machine name, make sure the machine name is valid. Try to ping the machine name. Check that you have a DNS server properly configured. If you are using the TCP Open Connection function, ensure that the value of the remote port or service name is not 0.


<b>Complete call chain:</b>
     lvMongoDriver.lvlib:tMongoConnection.lvclass:_attemptConnection.vi
     lvMongoDriver.lvlib:tMongoConnection.lvclass:Open.vi
     MongoTestResultInsert.vi
     MongoTestResultInsert.vi.ProxyCaller_*>
<*_13:09:12_Test Iteration End : OK_*>
<*_13:09:12_Test Iteration Reports : OK_*>
<*_13:09:12_Case Cycle End : OK_*>
<*_13:09:12_Config Cycle Begin : OK_*>
<*_13:09:12_Find Targets : OK_*>
<*_13:09:12_Case Cycle Init : OK_*>
<*_13:09:12_Case Cycle Begin : OK_*>
<*_13:09:12_Test Iteration Begin : OK_*>
<*_13:09:12_Configure Target SW : OK

_*>
<*_13:09:12_Configure Target : OK_*>
<*_13:09:12_Read Volatile Target Info : OK_*>
<*_13:09:12_Load Dependencies : OK_*>
<*_13:09:40_Run Dependencies : OK_*>
<*_13:09:47_Run Test : OK
TCP\Test_TCP_Throughput_SMP.vi: Passed
Connector Pane Used: STR-Performance_Error_Param
_*>
<*_13:09:47_Run Post VI : OK_*>
<*_13:09:48_Unload Depend. : OK_*>
<*_13:09:48_Detailed Report : OK_*>
<*_13:09:48_Summary : OK_*>
<*_13:09:51_Mongodb warning: 
Run MongoTestResult.vi/MongoMetrics.vi error -8007: lvMongoDriver.lvlib:tMongoConnection.lvclass:_attemptConnection.vi<ERR>
Attempted to contact master but was unsuccessful.  Check your hostnames, or retry again later.

Error for host (rtdata2):
Error 54 occurred at TCP Open Connection in lvMongoDriver.lvlib:tMongoConnection.lvclass:_tryNode.vi:1160001->lvMongoDriver.lvlib:tMongoConnection.lvclass:_attemptConnection.vi->lvMongoDriver.lvlib:tMongoConnection.lvclass:Open.vi->MongoTestResultInsert.vi->MongoTestResultInsert.vi.ProxyCaller

Possible reason(s):

LabVIEW: (Hex 0x36) The network address is ill-formed. Make sure the address is in a valid format. For TCP/IP, the address can be either a machine name or an IP address in the form xxx.xxx.xxx.xxx. If this error occurs when specifying a machine name, make sure the machine name is valid. Try to ping the machine name. Check that you have a DNS server properly configured. If you are using the TCP Open Connection function, ensure that the value of the remote port or service name is not 0.


<b>Complete call chain:</b>
     lvMongoDriver.lvlib:tMongoConnection.lvclass:_attemptConnection.vi
     lvMongoDriver.lvlib:tMongoConnection.lvclass:Open.vi
     MongoTestResultInsert.vi
     MongoTestResultInsert.vi.ProxyCaller_*>
<*_13:09:51_Test Iteration End : OK_*>
<*_13:09:52_Test Iteration Reports : OK_*>
<*_13:09:52_Case Cycle End : OK_*>
<*_13:09:52_Test Loop End : OK_*>
<*_13:09:56_Mongodb warning: 
Run MongoTestSuiteFinish.vi error -8007: lvMongoDriver.lvlib:tMongoConnection.lvclass:_attemptConnection.vi<ERR>
Attempted to contact master but was unsuccessful.  Check your hostnames, or retry again later.

Error for host (rtdata2):
Error 54 occurred at TCP Open Connection in lvMongoDriver.lvlib:tMongoConnection.lvclass:_tryNode.vi:1160001->lvMongoDriver.lvlib:tMongoConnection.lvclass:_attemptConnection.vi->lvMongoDriver.lvlib:tMongoConnection.lvclass:Open.vi->MongoTestSuiteFinish.vi->MongoTestSuiteFinish.vi.ProxyCaller

Possible reason(s):

LabVIEW: (Hex 0x36) The network address is ill-formed. Make sure the address is in a valid format. For TCP/IP, the address can be either a machine name or an IP address in the form xxx.xxx.xxx.xxx. If this error occurs when specifying a machine name, make sure the machine name is valid. Try to ping the machine name. Check that you have a DNS server properly configured. If you are using the TCP Open Connection function, ensure that the value of the remote port or service name is not 0.


<b>Complete call chain:</b>
     lvMongoDriver.lvlib:tMongoConnection.lvclass:_attemptConnection.vi
     lvMongoDriver.lvlib:tMongoConnection.lvclass:Open.vi
     MongoTestSuiteFinish.vi
     MongoTestSuiteFinish.vi.ProxyCaller_*>
<*_13:09:56_Finalize Reports : OK_*>
<*_13:09:56_Init TS : OK
Error if any from the XML VI_*>
